COMMAND:	macs 6 1000000 -t 0.001 -r 0.0005 -T -I 2 3 3 0.4
SEED:	1395617792
NEWICK_TREE:	[2417](((4:0.0110493,3:0.0110493):0.710764,5:0.721814):0.442507,((0:0.0256313,1:0.0256313):0.647271,2:0.672902):0.491419);
SITE:	0	 0.000940958494	    0.745395467	111000
SITE:	1	  0.00110790981	    0.913263271	111000
SITE:	2	  0.00121529215	   0.0840407205	110000
SITE:	3	  0.00151065639	   0.0627669081	110000
SITE:	4	  0.00153648374	    0.250281169	001000
SITE:	5	  0.00227117027	    0.959746903	000111
NEWICK_TREE:	[31](((4:0.0110493,3:0.0110493):0.710764,5:0.721814):0.442507,((0:0.0256313,1:0.0256313):0.647271,2:0.672902):0.491419);
NEWICK_TREE:	[1035](((4:0.0110493,3:0.0110493):0.710764,5:0.721814):0.442507,((0:0.0256313,1:0.0256313):0.647271,2:0.672902):0.491419);
SITE:	6	  0.00255181565	    0.709270311	111000
SITE:	7	   0.0029857794	   0.0630663522	001000
SITE:	8	  0.00333566044	     0.48289145	110000
NEWICK_TREE:	[598]((5:0.443126,(4:0.0110493,3:0.0110493):0.432077):0.721195,((0:0.0256313,1:0.0256313):0.647271,2:0.672902):0.491419);
SITE:	9	  0.00368443026	    0.722587182	111000
NEWICK_TREE:	[106](((4:0.0110493,3:0.0110493):0.442118,5:0.453167):0.711154,((0:0.0256313,1:0.0256313):0.647271,2:0.672902):0.491419);
NEWICK_TREE:	[249](((4:0.0110493,3:0.0110493):0.442118,5:0.453167):0.711154,((0:0.0256313,1:0.0256313):0.420051,2:0.445682):0.718639);
SITE:	10	  0.00422635556	    0.971354208	111000
SITE:	11	  0.00423046296	   0.0169762962	000110
NEWICK_TREE:	[239](((4:0.0110493,3:0.0110493):0.442118,5:0.453167):1.41198,((0:0.0256313,1:0.0256313):0.420051,2:0.445682):1.41947);
SITE:	12	  0.00443995582	    0.268581839	001000
SITE:	13	  0.00461697271	    0.271139819	000110
NEWICK_TREE:	[35](((4:0.0110493,3:0.0110493):0.442118,5:0.453167):1.41198,((0:0.0256313,1:0.0256313):0.420051,2:0.445682):1.41947);
NEWICK_TREE:	[292](((4:0.0110493,3:0.0110493):0.442118,5:0.453167):1.41198,((0:0.0256313,1:0.0256313):0.420051,2:0.445682):1.41947);
SITE:	14	  0.00487430069	     1.38949585	000111
SITE:	15	  0.00498263416	     1.81093587	111000
SITE:	16	  0.00499494208	    0.396011432	110000
NEWICK_TREE:	[1162](((4:0.0110493,3:0.0110493):0.442118,5:0.453167):1.27246,((0:0.0256313,1:0.0256313):0.420051,2:0.445682):1.27995);
SITE:	17	  0.00528903571	     1.45263313	000111
NEWICK_TREE:	[73](((4:0.0110493,3:0.0110493):0.442118,5:0.453167):1.27246,((0:0.0256313,1:0.0256313):0.227379,2:0.25301):1.47262);
SITE:	18	  0.00620801145	    0.372467296	000001
NEWICK_TREE:	[179](((0:0.0256313,1:0.0256313):0.227379,2:0.25301):2.83545,((4:0.0110493,3:0.0110493):0.442118,5:0.453167):2.6353);
SITE:	19	   0.0063256464	     2.07345089	000111
SITE:	20	  0.00639935963	    0.351357594	000001
NEWICK_TREE:	[169](((0:0.0256313,1:0.0256313):0.227379,2:0.25301):2.83545,((4:0.0110493,3:0.0110493):0.442118,5:0.453167):2.6353);
SITE:	21	  0.00650229101	     2.06204651	000111
NEWICK_TREE:	[505](((0:0.0256313,1:0.0256313):0.227379,2:0.25301):2.83545,((4:0.0110493,3:0.0110493):0.442118,5:0.453167):2.6353);
SITE:	22	  0.00673934659	     0.86463031	000111
SITE:	23	   0.0070357627	    0.011007368	000100
NEWICK_TREE:	[109](((0:0.0256313,1:0.0256313):0.227379,2:0.25301):2.83545,((4:0.0110493,3:0.0110493):0.442118,5:0.453167):2.6353);
SITE:	24	  0.00711554346	    0.800149733	111000
SITE:	25	  0.00712060272	    0.152277284	001000
SITE:	26	  0.00719727215	     1.58643755	111000
NEWICK_TREE:	[235](((0:0.0256313,1:0.0256313):0.227379,2:0.25301):2.83545,((4:0.0110493,3:0.0110493):0.442118,5:0.453167):2.6353);
SITE:	27	  0.00720226249	     2.49303169	000111
SITE:	28	   0.0072627602	     2.82905924	111000
SITE:	29	  0.00738768665	     1.97812098	000111
NEWICK_TREE:	[1010](((0:0.0256313,1:0.0256313):0.227379,2:0.25301):2.83545,((4:0.0110493,3:0.0110493):0.442118,5:0.453167):2.6353);
SITE:	30	  0.00747646319	     1.43161876	000111
SITE:	31	  0.00768309403	      1.0942871	000111
SITE:	32	  0.00771451002	     1.39188829	111000
SITE:	33	  0.00798426349	     2.46297917	111000
SITE:	34	  0.00806815262	    0.429377326	000110
SITE:	35	  0.00809015863	    0.721307704	000111
SITE:	36	  0.00838006692	     2.22104449	000111
NEWICK_TREE:	[39](((4:0.0110493,3:0.0110493):0.442118,5:0.453167):2.91353,((0:0.0256313,1:0.0256313):0.227379,2:0.25301):3.11368);
NEWICK_TREE:	[48](((4:0.0110493,3:0.0110493):0.442118,5:0.453167):2.91353,((0:0.0256313,1:0.0256313):2.01607,2:2.0417):1.32499);
NEWICK_TREE:	[0](((0:0.0256313,1:0.0256313):2.01607,2:2.0417):1.48303,((4:0.0110493,3:0.0110493):0.442118,5:0.453167):3.07156);
NEWICK_TREE:	[111]((((0:0.0256313,1:0.0256313):0.707813,(4:0.0110493,3:0.0110493):0.722395):1.30825,2:2.0417):1.48303,5:3.52472);
NEWICK_TREE:	[323](((0:0.0256313,1:0.0256313):0.707813,(4:0.0110493,3:0.0110493):0.722395):2.79128,(5:1.9469,2:1.9469):1.57783);
SITE:	37	  0.00865462121	     1.47456862	000001
SITE:	38	  0.00871213457	     1.74249846	001000
SITE:	39	  0.00881301529	     3.00758146	001001
SITE:	40	  0.00888441011	     2.72368687	001001
NEWICK_TREE:	[330](((0:0.0256313,1:0.0256313):0.707813,(4:0.0110493,3:0.0110493):0.722395):2.79128,(5:1.9469,2:1.9469):1.57783);
SITE:	41	  0.00896815672	     2.35015212	110110
SITE:	42	  0.00902485658	     3.35373181	001001
SITE:	43	  0.00905937137	     1.36944994	001000
SITE:	44	  0.00915137952	     1.56535357	000001
SITE:	45	  0.00918896255	     1.19087806	000001
NEWICK_TREE:	[6](((0:0.0256313,1:0.0256313):0.707813,(4:0.0110493,3:0.0110493):0.722395):2.79128,(5:1.9469,2:1.9469):1.57783);
NEWICK_TREE:	[532](((0:0.0256313,1:0.0256313):0.707813,(4:0.0110493,3:0.0110493):0.722395):2.79128,(5:1.9469,2:1.9469):1.57783);
SITE:	46	  0.00935124111	    0.246091023	001000
SITE:	47	  0.00942937674	     2.11783007	110110
SITE:	48	  0.00946439565	      3.1503874	001001
SITE:	49	  0.00958244465	     2.25676778	110110
SITE:	50	  0.00969630499	    0.309866992	110000
SITE:	51	  0.00975737453	      2.1563005	110110
SITE:	52	  0.00979332078	    0.748231372	110110
NEWICK_TREE:	[199]((0:0.0256313,1:0.0256313):3.49909,((5:0.100126,(4:0.0110493,3:0.0110493):0.0890763):1.84677,2:1.9469):1.57783);
SITE:	53	    0.010029074	      2.7200753	001111
NEWICK_TREE:	[629]((0:0.0256313,1:0.0256313):3.49909,((5:0.100126,(4:0.0110493,3:0.0110493):0.0890763):1.84677,2:1.9469):1.57783);
SITE:	54	    0.010062309	     2.44310872	001111
SITE:	55	   0.0102253754	     2.19898932	110000
SITE:	56	   0.0103861112	     1.34226248	001000
SITE:	57	   0.0104047301	   0.0283182017	001000
SITE:	58	   0.0104075528	     1.17787066	001000
SITE:	59	   0.0104118312	     3.06560757	001111
SITE:	60	    0.010484052	    0.822880085	000111
SITE:	61	   0.0105774294	    0.174646717	001000
NEWICK_TREE:	[17](((5:0.100126,(4:0.0110493,3:0.0110493):0.0890763):1.13244,(0:0.0256313,1:0.0256313):1.20693):0.714335,2:1.9469);
NEWICK_TREE:	[526](((5:0.100126,(4:0.0110493,3:0.0110493):0.0890763):1.13244,(0:0.0256313,1:0.0256313):1.20693):0.714335,2:1.9469);
SITE:	62	   0.0107421822	     1.43703568	001000
SITE:	63	   0.0108319865	     1.33830877	001000
SITE:	64	   0.0111380181	     1.61237287	110111
SITE:	65	    0.011202811	     1.17437918	110000
NEWICK_TREE:	[89](2:2.00265,((5:0.100126,(4:0.0110493,3:0.0110493):0.0890763):1.13244,(0:0.0256313,1:0.0256313):1.20693):0.77009);
NEWICK_TREE:	[376](2:2.00265,(((4:0.0110493,3:0.0110493):0.195592,5:0.206641):1.02592,(0:0.0256313,1:0.0256313):1.20693):0.77009);
SITE:	66	   0.0113428014	    0.906729363	000111
SITE:	67	   0.0116628253	    0.501063611	110000
NEWICK_TREE:	[8](2:2.00265,(((4:0.0110493,3:0.0110493):0.195592,5:0.206641):1.02592,(0:0.0256313,1:0.0256313):1.20693):0.77009);
NEWICK_TREE:	[264](2:2.00265,(((4:0.0110493,3:0.0110493):0.195592,5:0.206641):1.02592,(0:0.0256313,1:0.0256313):1.20693):0.77009);
SITE:	68	   0.0118992749	    0.506124597	110000
NEWICK_TREE:	[160](2:2.00265,(((4:0.0110493,3:0.0110493):0.195592,5:0.206641):1.02592,(0:0.0256313,1:0.0256313):1.20693):0.77009);
NEWICK_TREE:	[223](2:2.00265,(((4:0.0110493,3:0.0110493):0.195592,5:0.206641):1.02592,(0:0.0256313,1:0.0256313):1.20693):0.77009);
SITE:	69	   0.0121250004	     1.12733119	110000
SITE:	70	   0.0121629813	    0.630134026	110000
SITE:	71	    0.012169054	     1.58658676	001000
SITE:	72	   0.0122736556	     0.74268898	001000
NEWICK_TREE:	[87]((2:1.56486,(0:0.0256313,1:0.0256313):1.53922):0.437797,((4:0.0110493,3:0.0110493):0.195592,5:0.206641):1.79601);
NEWICK_TREE:	[249]((2:1.56486,(0:0.0256313,1:0.0256313):1.53922):0.437797,((4:0.0110493,3:0.0110493):0.195592,5:0.206641):1.79601);
NEWICK_TREE:	[830](((4:0.0110493,3:0.0110493):0.195592,5:0.206641):1.49077,(2:1.56486,(0:0.0256313,1:0.0256313):1.53922):0.132553);
SITE:	73	   0.0127187649	    0.876306421	110000
SITE:	74	   0.0128870948	    0.859847117	001000
SITE:	75	   0.0129266625	    0.278979788	110000
NEWICK_TREE:	[139](((4:0.0110493,3:0.0110493):0.195592,5:0.206641):1.49077,(2:0.793117,(0:0.0256313,1:0.0256313):0.767485):0.904292);
SITE:	76	   0.0135501555	     1.23279566	000111
NEWICK_TREE:	[230](((4:0.0110493,3:0.0110493):0.195592,5:0.206641):1.1499,(2:0.793117,(0:0.0256313,1:0.0256313):0.767485):0.56342);
SITE:	77	    0.013813694	     1.30544796	111000
NEWICK_TREE:	[448](((4:0.0110493,3:0.0110493):0.195592,5:0.206641):1.92879,(2:0.793117,(0:0.0256313,1:0.0256313):0.767485):1.34232);
SITE:	78	   0.0140383123	     1.60576166	000111
SITE:	79	   0.0141178617	     1.66259888	111000
SITE:	80	   0.0142568288	     0.73344572	001000
NEWICK_TREE:	[636]((5:0.079009,(4:0.0110493,3:0.0110493):0.0679596):2.05642,(2:0.793117,(0:0.0256313,1:0.0256313):0.767485):1.34232);
NEWICK_TREE:	[1056]((5:0.079009,(4:0.0110493,3:0.0110493):0.0679596):1.83102,(2:0.793117,(0:0.0256313,1:0.0256313):0.767485):1.11691);
SITE:	81	   0.0151925814	    0.450775425	110000
SITE:	82	   0.0153159107	    0.148791655	000111
SITE:	83	   0.0157015371	     1.77097909	111000
SITE:	84	   0.0159454827	    0.968036766	000111
NEWICK_TREE:	[2516](((5:0.079009,(4:0.0110493,3:0.0110493):0.0679596):0.663293,2:0.742302):1.16773,(0:0.0256313,1:0.0256313):1.8844);
SITE:	85	   0.0162190668	    0.499481827	001000
SITE:	86	   0.0166851134	    0.267286842	000111
SITE:	87	   0.0167284725	     1.44261982	001111
SITE:	88	   0.0169036728	     1.64689333	001111
SITE:	89	   0.0171611608	    0.924487886	001111
SITE:	90	   0.0172904786	     1.04255741	110000
SITE:	91	   0.0175074261	     0.40048546	000111
SITE:	92	    0.017554809	    0.466131592	001000
SITE:	93	   0.0176328261	    0.802289569	001111
SITE:	94	   0.0179302291	     1.84173133	110000
SITE:	95	   0.0179967063	    0.176807965	110000
NEWICK_TREE:	[84]((0:0.0256313,1:0.0256313):2.0755,((5:0.079009,(4:0.0110493,3:0.0110493):0.0679596):0.663293,2:0.742302):1.35883);
NEWICK_TREE:	[174]((0:0.0256313,1:0.0256313):2.0755,((5:0.079009,(4:0.0110493,3:0.0110493):0.0679596):0.663293,2:0.742302):1.35883);
SITE:	96	   0.0186090226	    0.164626541	110000
SITE:	97	   0.0186681536	    0.836273556	110000
NEWICK_TREE:	[288](((0:0.0256313,1:0.0256313):0.507804,2:0.533435):1.5677,(5:0.079009,(4:0.0110493,3:0.0110493):0.0679596):2.02212);
SITE:	98	   0.0189080888	     1.39058115	111000
SITE:	99	   0.0189482507	    0.613266406	000111
NEWICK_TREE:	[23]((5:0.079009,(4:0.0110493,3:0.0110493):0.0679596):8.95456,((0:0.0256313,1:0.0256313):0.507804,2:0.533435):8.50013);
SITE:	100	   0.0190637796	     3.16203536	111000
NEWICK_TREE:	[76]((5:0.079009,(4:0.0110493,3:0.0110493):0.0679596):8.95456,((0:0.0256313,1:0.0256313):0.507804,2:0.533435):8.50013);
SITE:	101	   0.0191041647	      6.2186323	111000
SITE:	102	   0.0191262097	     2.20789525	000111
SITE:	103	   0.0191522363	     5.97066506	000111
NEWICK_TREE:	[25]((5:0.079009,(4:0.0110493,3:0.0110493):0.0679596):8.95456,((0:0.0256313,1:0.0256313):0.507804,2:0.533435):8.50013);
SITE:	104	    0.019162809	     1.57875765	111000
SITE:	105	   0.0191727109	     2.16660448	111000
NEWICK_TREE:	[110]((5:0.079009,(4:0.0110493,3:0.0110493):0.0679596):8.95456,((0:0.0256313,1:0.0256313):0.507804,2:0.533435):8.50013);
SITE:	106	   0.0192126345	     5.06868721	111000
NEWICK_TREE:	[146](((0:0.0256313,1:0.0256313):0.507804,2:0.533435):1.34674,(5:0.079009,(4:0.0110493,3:0.0110493):0.0679596):1.80117);
SITE:	107	   0.0193724719	    0.164006232	110000
SITE:	108	   0.0193908879	    0.150123833	000111
NEWICK_TREE:	[91]((5:0.079009,(4:0.0110493,3:0.0110493):0.0679596):2.24406,((0:0.0256313,1:0.0256313):0.507804,2:0.533435):1.78963);
NEWICK_TREE:	[106]((5:0.079009,(4:0.0110493,3:0.0110493):0.0679596):2.24406,((0:0.0256313,1:0.0256313):0.507804,2:0.533435):1.78963);
SITE:	109	   0.0195892314	     1.00557968	111000
NEWICK_TREE:	[73]((5:0.079009,(4:0.0110493,3:0.0110493):0.0679596):2.24406,((0:0.0256313,1:0.0256313):0.507804,2:0.533435):1.78963);
NEWICK_TREE:	[18]((5:0.079009,(4:0.0110493,3:0.0110493):0.0679596):3.26703,((0:0.0256313,1:0.0256313):0.507804,2:0.533435):2.81261);
NEWICK_TREE:	[323]((5:0.079009,(4:0.0110493,3:0.0110493):0.0679596):3.26703,((0:0.0256313,1:0.0256313):0.507804,2:0.533435):2.81261);
SITE:	110	   0.0197686455	    0.954386274	111000
SITE:	111	   0.0199321035	     2.19348218	000111
SITE:	112	   0.0199984629	    0.955322367	000111
NEWICK_TREE:	[58]((5:0.079009,(4:0.0110493,3:0.0110493):0.0679596):3.26703,((0:0.0256313,1:0.0256313):0.507804,2:0.533435):2.81261);
NEWICK_TREE:	[95](((0:0.0256313,1:0.0256313):0.507804,2:0.533435):5.49517,(5:0.079009,(4:0.0110493,3:0.0110493):0.0679596):5.9496);
NEWICK_TREE:	[6](((0:0.0256313,1:0.0256313):0.507804,2:0.533435):5.49517,(5:0.079009,(4:0.0110493,3:0.0110493):0.0679596):5.9496);
NEWICK_TREE:	[77](((0:0.0256313,1:0.0256313):0.507804,2:0.533435):5.49517,(5:0.079009,(4:0.0110493,3:0.0110493):0.0679596):5.9496);
NEWICK_TREE:	[949](((0:0.0256313,1:0.0256313):0.507804,2:0.533435):0.911464,(5:0.079009,(4:0.0110493,3:0.0110493):0.0679596):1.36589);
SITE:	113	    0.020295399	    0.168408883	000111
SITE:	114	   0.0204138531	    0.479552766	000111
SITE:	115	   0.0205419416	     1.06521598	111000
NEWICK_TREE:	[216](((0:0.0256313,1:0.0256313):0.507804,2:0.533435):0.911464,(5:0.079009,(4:0.0110493,3:0.0110493):0.0679596):1.36589);
SITE:	116	   0.0212751982	   0.0487433074	000001
SITE:	117	   0.0213915582	     1.12983363	111000
SITE:	118	    0.021399317	     1.05623664	111000
NEWICK_TREE:	[542]((5:0.079009,(4:0.0110493,3:0.0110493):0.0679596):1.19734,((0:0.0256313,1:0.0256313):0.507804,2:0.533435):0.742914);
SITE:	119	   0.0217564437	    0.274651744	001000
NEWICK_TREE:	[1195]((5:0.079009,(4:0.0110493,3:0.0110493):0.0679596):1.19734,((0:0.0256313,1:0.0256313):0.281059,2:0.306691):0.969658);
SITE:	120	   0.0223910368	    0.222832149	000111
SITE:	121	   0.0227437576	    0.956665221	111000
SITE:	122	   0.0228379571	    0.368020066	000111
SITE:	123	    0.022892785	     0.58340717	111000
NEWICK_TREE:	[165]((5:0.079009,(4:0.0110493,3:0.0110493):0.0679596):1.19734,((0:0.0256313,1:0.0256313):0.281059,2:0.306691):0.969658);
NEWICK_TREE:	[216]((5:0.079009,(4:0.0110493,3:0.0110493):0.0679596):1.19734,((0:0.0256313,1:0.0256313):0.281059,2:0.306691):0.969658);
SITE:	124	   0.0235571458	    0.133211607	110000
NEWICK_TREE:	[1893](((0:0.0256313,1:0.0256313):0.281059,2:0.306691):0.811062,(5:0.079009,(4:0.0110493,3:0.0110493):0.0679596):1.03874);
SITE:	125	   0.0236329391	      1.0134258	000111
SITE:	126	   0.0240690618	    0.261665651	001000
SITE:	127	   0.0243387209	    0.813908059	000111
SITE:	128	   0.0245524513	   0.0232854167	100000
NEWICK_TREE:	[3667](((0:0.0256313,1:0.0256313):0.270324,(5:0.079009,(4:0.0110493,3:0.0110493):0.0679596):0.216946):0.0107355,2:0.306691);
SITE:	129	   0.0276520827	   0.0898326142	000111
NEWICK_TREE:	[157](((0:0.0256313,1:0.0256313):0.270324,(5:0.079009,(4:0.0110493,3:0.0110493):0.0679596):0.216946):1.2927,2:1.58866);
NEWICK_TREE:	[173](2:1.16949,((0:0.0256313,1:0.0256313):0.270324,(5:0.079009,(4:0.0110493,3:0.0110493):0.0679596):0.216946):0.873533);
NEWICK_TREE:	[459]((2:1.16949,(0:0.0256313,1:0.0256313):1.14386):2.8299,(5:0.079009,(4:0.0110493,3:0.0110493):0.0679596):3.92038);
SITE:	130	   0.0294650056	     3.13503975	111000
SITE:	131	   0.0296028874	     1.63882111	111000
SITE:	132	   0.0297099481	     3.26030024	111000
SITE:	133	   0.0298610044	    0.386651963	001000
SITE:	134	   0.0298664118	   0.0173022426	000110
NEWICK_TREE:	[121]((5:0.079009,(4:0.0110493,3:0.0110493):0.0679596):3.57598,(2:1.16949,(0:0.0256313,1:0.0256313):1.14386):2.4855);
SITE:	135	    0.029964525	     1.90912628	000111
NEWICK_TREE:	[264]((5:0.079009,(4:0.0110493,3:0.0110493):0.0679596):3.57598,(2:2.42188,(0:0.0256313,1:0.0256313):2.39625):1.2331);
SITE:	136	   0.0301810409	    0.706636717	110000
SITE:	137	   0.0302791082	    0.748030677	000111
NEWICK_TREE:	[66]((5:0.079009,(4:0.0110493,3:0.0110493):0.0679596):3.57598,((0:0.0256313,1:0.0256313):0.151068,2:0.176699):3.47829);
NEWICK_TREE:	[196]((5:0.079009,(4:0.0110493,3:0.0110493):0.0679596):3.57598,((0:0.0256313,1:0.0256313):0.151068,2:0.176699):3.47829);
NEWICK_TREE:	[112]((5:0.079009,(4:0.0110493,3:0.0110493):0.0679596):2.89594,((0:0.0256313,1:0.0256313):0.151068,2:0.176699):2.79825);
NEWICK_TREE:	[797](((0:0.0256313,1:0.0256313):0.151068,2:0.176699):1.06193,(5:0.079009,(4:0.0110493,3:0.0110493):0.0679596):1.15962);
NEWICK_TREE:	[866]((5:0.079009,(4:0.0110493,3:0.0110493):0.0679596):0.746467,((0:0.0256313,1:0.0256313):0.151068,2:0.176699):0.648777);
SITE:	138	   0.0320027776	  0.00222627714	001000
SITE:	139	   0.0322461405	    0.322017228	000111
NEWICK_TREE:	[607]((5:0.079009,(4:0.0110493,3:0.0110493):0.0679596):0.746467,((0:0.0256313,1:0.0256313):0.151068,2:0.176699):0.648777);
SITE:	140	   0.0325883251	    0.477433557	000111
NEWICK_TREE:	[2494]((5:0.079009,(4:0.0110493,3:0.0110493):0.0679596):0.746467,(2:0.114552,(0:0.0256313,1:0.0256313):0.0889207):0.710924);
SITE:	141	   0.0331604216	    0.695611603	111000
SITE:	142	   0.0332240172	    0.530974004	000111
SITE:	143	    0.033312953	   0.0626619332	000001
SITE:	144	   0.0335225079	    0.349335499	000111
SITE:	145	   0.0338416727	    0.641436891	111000
SITE:	146	   0.0352198499	    0.388140522	111000
NEWICK_TREE:	[1051]((5:0.079009,(4:0.0110493,3:0.0110493):0.0679596):0.949015,(2:0.114552,(0:0.0256313,1:0.0256313):0.0889207):0.913472);
SITE:	147	   0.0356566288	   0.0804919188	110000
SITE:	148	   0.0357197172	    0.680746018	111000
SITE:	149	   0.0361227453	     0.61473982	111000
NEWICK_TREE:	[1179]((5:0.079009,(4:0.0110493,3:0.0110493):0.0679596):0.949015,(2:0.114552,(0:0.0256313,1:0.0256313):0.0889207):0.913472);
SITE:	150	   0.0373977926	     1.01373967	111000
NEWICK_TREE:	[409]((5:0.079009,(4:0.0110493,3:0.0110493):0.0679596):0.949015,(2:0.114552,(0:0.0256313,1:0.0256313):0.0889207):0.913472);
SITE:	151	   0.0378701158	    0.957537097	000111
SITE:	152	   0.0380298397	    0.417239501	000111
NEWICK_TREE:	[1015]((5:0.079009,(4:0.0110493,3:0.0110493):0.0679596):0.949015,(2:0.114552,(0:0.0256313,1:0.0256313):0.0889207):0.913472);
SITE:	153	   0.0387643989	    0.143020452	111000
NEWICK_TREE:	[1313]((5:0.079009,(4:0.0110493,3:0.0110493):0.0679596):0.949015,(2:0.114552,(0:0.0256313,1:0.0256313):0.0889207):0.913472);
SITE:	154	    0.039287378	    0.654934293	000111
SITE:	155	   0.0395009779	    0.368187608	111000
SITE:	156	   0.0396959685	    0.173853287	111000
SITE:	157	   0.0397667705	    0.251272478	000111
SITE:	158	    0.039933794	   0.0689960075	110000
SITE:	159	   0.0399716581	    0.257214696	111000
NEWICK_TREE:	[337]((5:0.079009,(4:0.0110493,3:0.0110493):0.0679596):0.734754,(2:0.114552,(0:0.0256313,1:0.0256313):0.0889207):0.699211);
SITE:	160	   0.0406092919	   0.0232449825	000001
SITE:	161	   0.0406665088	    0.259994605	000111
NEWICK_TREE:	[292]((5:0.079009,(4:0.0110493,3:0.0110493):0.0679596):0.734754,(2:0.114552,(0:0.0256313,1:0.0256313):0.0889207):0.699211);
SITE:	162	   0.0409177282	    0.174178415	111000
NEWICK_TREE:	[188]((5:0.079009,(4:0.0110493,3:0.0110493):0.0679596):4.31886,(2:0.114552,(0:0.0256313,1:0.0256313):0.0889207):4.28332);
SITE:	163	   0.0411461766	    0.965442532	111000
SITE:	164	   0.0412056726	     3.79664784	111000
NEWICK_TREE:	[9]((5:0.079009,(4:0.0110493,3:0.0110493):0.0679596):4.31886,(2:0.114552,(0:0.0256313,1:0.0256313):0.0889207):4.28332);
NEWICK_TREE:	[39]((5:0.079009,(4:0.0110493,3:0.0110493):0.0679596):4.31886,(2:0.114552,(0:0.0256313,1:0.0256313):0.0889207):4.28332);
SITE:	165	   0.0412413302	     1.09557749	111000
SITE:	166	   0.0412674786	     3.45272891	000111
NEWICK_TREE:	[266]((5:0.079009,(4:0.0110493,3:0.0110493):0.0679596):4.31886,(2:0.114552,(0:0.0256313,1:0.0256313):0.0889207):4.28332);
SITE:	167	   0.0413111407	    0.871785653	000111
SITE:	168	   0.0413535281	     1.62890194	111000
SITE:	169	   0.0414247475	     1.17871951	000111
SITE:	170	   0.0414454538	     3.37650924	111000
NEWICK_TREE:	[20]((5:0.079009,(4:0.0110493,3:0.0110493):0.0679596):4.20839,(2:0.114552,(0:0.0256313,1:0.0256313):0.0889207):4.17284);
NEWICK_TREE:	[103]((5:0.079009,(4:0.0110493,3:0.0110493):0.0679596):2.8335,(2:0.114552,(0:0.0256313,1:0.0256313):0.0889207):2.79796);
SITE:	171	   0.0416015916	     2.77204012	000111
NEWICK_TREE:	[168]((5:0.079009,(4:0.0110493,3:0.0110493):0.0679596):3.20345,(2:0.114552,(0:0.0256313,1:0.0256313):0.0889207):3.1679);
SITE:	172	   0.0417803864	    0.993412154	000111
NEWICK_TREE:	[446]((5:0.079009,(4:0.0110493,3:0.0110493):0.0679596):3.20345,(2:0.114552,(0:0.0256313,1:0.0256313):0.0889207):3.1679);
SITE:	173	   0.0418768196	    0.878408274	111000
SITE:	174	   0.0421898802	      1.2408784	111000
SITE:	175	   0.0421985833	    0.962763102	000111
NEWICK_TREE:	[117]((5:0.079009,(4:0.0110493,3:0.0110493):0.0679596):3.20345,(2:0.347128,(0:0.0256313,1:0.0256313):0.321497):2.93533);
SITE:	176	   0.0423318227	    0.899652968	111000
SITE:	177	   0.0423464104	     1.46539708	111000
NEWICK_TREE:	[11]((5:0.079009,(4:0.0110493,3:0.0110493):0.0679596):3.20345,(2:0.347128,(0:0.0256313,1:0.0256313):0.321497):2.93533);
NEWICK_TREE:	[356]((5:0.079009,(4:0.0110493,3:0.0110493):0.0679596):3.67639,(2:0.347128,(0:0.0256313,1:0.0256313):0.321497):3.40827);
SITE:	178	   0.0424862175	     3.74307667	111000
SITE:	179	   0.0425336643	    0.996703787	111000
SITE:	180	   0.0426877429	     1.49037318	111000
SITE:	181	   0.0427074248	     3.39499725	111000
NEWICK_TREE:	[328]((5:0.079009,(4:0.0110493,3:0.0110493):0.0679596):1.59685,(2:0.347128,(0:0.0256313,1:0.0256313):0.321497):1.32873);
SITE:	182	   0.0428336165	    0.949181179	111000
SITE:	183	   0.0429071495	     1.25276708	111000
NEWICK_TREE:	[929]((2:0.347128,(0:0.0256313,1:0.0256313):0.321497):0.530574,(5:0.079009,(4:0.0110493,3:0.0110493):0.0679596):0.798693);
SITE:	184	   0.0433525048	    0.674054504	000111
NEWICK_TREE:	[683]((2:0.347128,(0:0.0256313,1:0.0256313):0.321497):0.530574,(5:0.079009,(4:0.0110493,3:0.0110493):0.0679596):0.798693);
NEWICK_TREE:	[18](((0:0.0256313,1:0.0256313):0.85207,(5:0.079009,(4:0.0110493,3:0.0110493):0.0679596):0.798693):4.9395,2:5.8172);
NEWICK_TREE:	[695](((0:0.0256313,1:0.0256313):0.85207,(5:0.079009,(4:0.0110493,3:0.0110493):0.0679596):0.798693):4.9395,2:5.8172);
SITE:	185	    0.044770655	    0.811047965	000111
SITE:	186	   0.0448633385	     4.54300982	001000
SITE:	187	   0.0450465087	     3.40123918	110111
SITE:	188	   0.0452032186	     4.14652286	001000
SITE:	189	   0.0453199313	     5.06387044	110111
SITE:	190	   0.0453292566	    0.561601716	000111
SITE:	191	   0.0453678038	    0.505269542	110000
NEWICK_TREE:	[80](((0:0.0256313,1:0.0256313):0.85207,(5:0.079009,(4:0.0110493,3:0.0110493):0.0679596):0.798693):4.9395,2:5.8172);
SITE:	192	   0.0454753395	     4.59540421	110111
NEWICK_TREE:	[7](((0:0.0256313,1:0.0256313):0.85207,(5:0.079009,(4:0.0110493,3:0.0110493):0.0679596):0.798693):4.9395,2:5.8172);
NEWICK_TREE:	[206](2:10.0363,((0:0.0256313,1:0.0256313):0.85207,(5:0.079009,(4:0.0110493,3:0.0110493):0.0679596):0.798693):9.15858);
SITE:	193	   0.0455290761	    0.358195081	110000
SITE:	194	   0.0455327056	     5.64332538	110111
SITE:	195	   0.0455959248	     2.77706468	001000
SITE:	196	   0.0456054698	     9.82785917	110111
SITE:	197	   0.0456061273	     4.22225227	001000
SITE:	198	   0.0456359014	      7.1225009	110111
SITE:	199	   0.0456629828	     2.64707968	110111
SITE:	200	   0.0456732175	    0.677834083	110000
NEWICK_TREE:	[27](2:10.0363,((0:0.0256313,1:0.0256313):0.85207,(5:0.079009,(4:0.0110493,3:0.0110493):0.0679596):0.798693):9.15858);
SITE:	201	   0.0457225864	     7.52483545	110111
NEWICK_TREE:	[39](2:10.0363,((0:0.0256313,1:0.0256313):0.85207,(5:0.079009,(4:0.0110493,3:0.0110493):0.0679596):0.798693):9.15858);
NEWICK_TREE:	[111](2:10.0363,((0:0.0256313,1:0.0256313):0.85207,(5:0.079009,(4:0.0110493,3:0.0110493):0.0679596):0.798693):9.15858);
SITE:	202	   0.0458232923	     5.06352155	001000
NEWICK_TREE:	[49](2:10.0363,((5:0.079009,(4:0.0110493,3:0.0110493):0.0679596):0.953936,(0:0.0256313,1:0.0256313):1.00731):9.00334);
SITE:	203	   0.0458883547	     7.19243858	110111
SITE:	204	   0.0459106384	     3.10000464	110111
NEWICK_TREE:	[318](2:10.0363,((5:0.079009,(4:0.0110493,3:0.0110493):0.0679596):0.953936,(0:0.0256313,1:0.0256313):1.00731):9.00334);
SITE:	205	   0.0459958325	     3.58125328	110111
SITE:	206	   0.0460461867	     2.13592049	001000
SITE:	207	   0.0460892855	     1.05941865	001000
SITE:	208	   0.0461595341	     3.59465916	110111
SITE:	209	   0.0462142788	     8.91613946	110111
NEWICK_TREE:	[40](2:10.0363,((5:0.079009,(4:0.0110493,3:0.0110493):0.0679596):0.953936,(0:0.0256313,1:0.0256313):1.00731):9.00334);
SITE:	210	   0.0462534177	     7.56754313	001000
NEWICK_TREE:	[243](2:10.0363,((5:0.079009,(4:0.0110493,3:0.0110493):0.0679596):0.953936,(0:0.0256313,1:0.0256313):1.00731):9.00334);
SITE:	211	     0.04640859	     4.83971544	001000
SITE:	212	   0.0464501968	     5.15862855	110111
SITE:	213	   0.0464704133	     6.24679412	001000
SITE:	214	   0.0465028138	     8.97008857	110111
SITE:	215	     0.04650497	    0.428086485	001000
NEWICK_TREE:	[217](2:8.385,((5:0.079009,(4:0.0110493,3:0.0110493):0.0679596):0.953936,(0:0.0256313,1:0.0256313):1.00731):7.35206);
SITE:	216	   0.0467124875	     8.34063181	110111
NEWICK_TREE:	[88](2:8.385,((5:0.079009,(4:0.0110493,3:0.0110493):0.0679596):0.953936,(0:0.0256313,1:0.0256313):1.00731):7.35206);
SITE:	217	   0.0467643992	      4.1658785	110111
SITE:	218	   0.0467651901	     8.15569007	110111
SITE:	219	   0.0467880016	    0.605037483	000111
SITE:	220	   0.0467997826	   0.0722967605	001000
SITE:	221	   0.0468135815	     3.92558007	110111
SITE:	222	    0.046830641	     6.53177967	001000
NEWICK_TREE:	[43](2:8.385,((5:0.079009,(4:0.0110493,3:0.0110493):0.0679596):0.953936,(0:0.0256313,1:0.0256313):1.00731):7.35206);
SITE:	223	   0.0468496987	     5.08285898	110111
NEWICK_TREE:	[184](2:8.385,((5:0.079009,(4:0.0110493,3:0.0110493):0.0679596):0.953936,(0:0.0256313,1:0.0256313):1.00731):7.35206);
NEWICK_TREE:	[231]((2:0.85973,(5:0.079009,(4:0.0110493,3:0.0110493):0.0679596):0.780722):7.52527,(0:0.0256313,1:0.0256313):8.35937);
SITE:	224	   0.0471106094	     1.11687416	001111
SITE:	225	   0.0471529719	     4.84510547	110000
SITE:	226	   0.0471782091	    0.219063283	001000
SITE:	227	   0.0472601872	     2.79020843	001111
NEWICK_TREE:	[135]((2:0.669771,(5:0.079009,(4:0.0110493,3:0.0110493):0.0679596):0.590762):7.71523,(0:0.0256313,1:0.0256313):8.35937);
SITE:	228	    0.047314159	     6.74847542	110000
NEWICK_TREE:	[215]((2:0.669771,(5:0.079009,(4:0.0110493,3:0.0110493):0.0679596):0.590762):7.71523,(0:0.0256313,1:0.0256313):8.35937);
SITE:	229	   0.0474778927	      4.7928642	110000
SITE:	230	   0.0475036655	     4.92880149	001111
SITE:	231	   0.0475364468	    0.102121442	110000
SITE:	232	   0.0475744122	     5.90208792	110000
NEWICK_TREE:	[119]((2:0.669771,(5:0.079009,(4:0.0110493,3:0.0110493):0.0679596):0.590762):7.71523,(0:0.0256313,1:0.0256313):8.35937);
SITE:	233	   0.0477662126	     1.20465315	001111
NEWICK_TREE:	[4]((0:0.0256313,1:0.0256313):7.92423,(2:0.669771,(5:0.079009,(4:0.0110493,3:0.0110493):0.0679596):0.590762):7.28009);
NEWICK_TREE:	[174]((0:0.0256313,1:0.0256313):7.92423,(2:0.669771,(5:0.079009,(4:0.0110493,3:0.0110493):0.0679596):0.590762):7.28009);
SITE:	234	   0.0478038248	     2.28977843	110000
SITE:	235	   0.0478258425	     6.74282707	110000
SITE:	236	   0.0478368418	     1.24827886	001111
NEWICK_TREE:	[441]((0:0.0256313,1:0.0256313):7.92423,(2:0.669771,(5:0.079009,(4:0.0110493,3:0.0110493):0.0679596):0.590762):7.28009);
SITE:	237	   0.0480723542	     5.53489287	001111
SITE:	238	   0.0480863426	   0.0463581913	000001
SITE:	239	   0.0481344236	     7.17873919	110000
SITE:	240	   0.0481398748	     7.85075999	110000
SITE:	241	   0.0481730629	    0.901003655	001111
SITE:	242	   0.0482705946	      7.4062276	001111
NEWICK_TREE:	[138]((0:0.0256313,1:0.0256313):7.92423,(2:0.669771,(5:0.079009,(4:0.0110493,3:0.0110493):0.0679596):0.590762):7.28009);
SITE:	243	   0.0483869437	    0.713684157	110000
SITE:	244	   0.0483991258	     5.89187277	110000
NEWICK_TREE:	[362]((0:0.0256313,1:0.0256313):7.92423,(2:0.669771,(5:0.079009,(4:0.0110493,3:0.0110493):0.0679596):0.590762):7.28009);
SITE:	245	   0.0485511157	     4.15196515	110000
SITE:	246	   0.0486771402	     3.82241705	001111
SITE:	247	   0.0486971143	    0.656153729	001000
SITE:	248	   0.0487305881	     6.99269503	110000
SITE:	249	   0.0487474398	     1.76012544	001111
SITE:	250	   0.0487603487	      7.0988682	110000
SITE:	251	   0.0487614252	     3.90276894	001111
SITE:	252	   0.0488079859	    0.142999015	001000
SITE:	253	   0.0488333203	     4.17457954	001111
SITE:	254	   0.0488804218	     2.39991213	001111
NEWICK_TREE:	[62]((0:0.0256313,1:0.0256313):7.92423,(2:0.669771,(5:0.079009,(4:0.0110493,3:0.0110493):0.0679596):0.590762):7.28009);
NEWICK_TREE:	[111]((0:0.0256313,1:0.0256313):7.92423,(2:0.669771,(5:0.079009,(4:0.0110493,3:0.0110493):0.0679596):0.590762):7.28009);
SITE:	255	   0.0489617005	     4.87431706	110000
SITE:	256	   0.0489952913	      6.9176003	001111
NEWICK_TREE:	[27]((0:0.0256313,1:0.0256313):7.92423,(2:0.669771,(5:0.079009,(4:0.0110493,3:0.0110493):0.0679596):0.590762):7.28009);
NEWICK_TREE:	[49]((0:0.0256313,1:0.0256313):7.92423,(2:0.669771,(5:0.079009,(4:0.0110493,3:0.0110493):0.0679596):0.590762):7.28009);
SITE:	257	   0.0490932066	     1.48879435	001111
NEWICK_TREE:	[41]((2:0.669771,(5:0.079009,(4:0.0110493,3:0.0110493):0.0679596):0.590762):6.11667,(0:0.0256313,1:0.0256313):6.76081);
SITE:	258	   0.0491725418	     1.53530151	001111
NEWICK_TREE:	[155]((2:0.669771,(5:0.079009,(4:0.0110493,3:0.0110493):0.0679596):0.590762):6.11667,(0:0.0256313,1:0.0256313):6.76081);
SITE:	259	   0.0492054193	    0.994986951	110000
SITE:	260	   0.0492276311	     3.76233936	110000
SITE:	261	   0.0492617541	     6.21168753	001111
SITE:	262	   0.0492813922	     2.48057161	110000
NEWICK_TREE:	[214]((2:0.669771,(5:0.079009,(4:0.0110493,3:0.0110493):0.0679596):0.590762):3.91413,(0:0.0256313,1:0.0256313):4.55827);
SITE:	263	   0.0494310027	    0.485567756	110000
SITE:	264	   0.0494670747	    0.344046156	000111
SITE:	265	   0.0495073391	     3.06731441	110000
NEWICK_TREE:	[291]((2:0.669771,(5:0.079009,(4:0.0110493,3:0.0110493):0.0679596):0.590762):2.75494,(0:0.0256313,1:0.0256313):3.39908);
SITE:	266	   0.0496371856	    0.180752325	110000
SITE:	267	   0.0496840669	    0.946608295	001111
SITE:	268	   0.0497107315	       3.226583	001111
NEWICK_TREE:	[108]((2:0.669771,(5:0.079009,(4:0.0110493,3:0.0110493):0.0679596):0.590762):2.75494,(0:0.0256313,1:0.0256313):3.39908);
SITE:	269	   0.0499179236	     0.30884639	000111
NEWICK_TREE:	[184]((2:0.669771,(5:0.079009,(4:0.0110493,3:0.0110493):0.0679596):0.590762):4.30914,(0:0.0256313,1:0.0256313):4.95328);
NEWICK_TREE:	[242]((2:0.669771,(5:0.079009,(4:0.0110493,3:0.0110493):0.0679596):0.590762):4.30914,(0:0.0256313,1:0.0256313):4.95328);
SITE:	270	   0.0501582217	      2.4393875	001111
SITE:	271	   0.0502597052	     2.66816765	001111
SITE:	272	   0.0502692578	     2.83848986	001111
SITE:	273	   0.0503403832	    0.339750226	110000
NEWICK_TREE:	[59]((2:0.669771,(5:0.079009,(4:0.0110493,3:0.0110493):0.0679596):0.590762):4.30914,(0:0.0256313,1:0.0256313):4.95328);
SITE:	274	   0.0504116542	     3.23126782	110000
NEWICK_TREE:	[57]((2:0.669771,(5:0.079009,(4:0.0110493,3:0.0110493):0.0679596):0.590762):4.30914,(0:0.0256313,1:0.0256313):4.95328);
SITE:	275	   0.0504530476	    0.600883187	110000
NEWICK_TREE:	[695]((2:0.669771,(5:0.079009,(4:0.0110493,3:0.0110493):0.0679596):0.590762):4.30914,(0:0.0256313,1:0.0256313):4.95328);
SITE:	276	   0.0505761057	     1.08241472	001111
SITE:	277	   0.0505857335	     4.67848423	110000
SITE:	278	   0.0505902506	    0.426936479	000111
SITE:	279	   0.0506172779	     2.24003407	001111
SITE:	280	   0.0506373758	     4.28474016	001111
SITE:	281	   0.0506531527	      2.7300568	001111
SITE:	282	   0.0506985836	     3.84363328	110000
SITE:	283	   0.0509752382	     4.79939086	001111
SITE:	284	   0.0510342651	     4.12298065	001111
NEWICK_TREE:	[62]((2:0.669771,(5:0.079009,(4:0.0110493,3:0.0110493):0.0679596):0.590762):4.30914,(0:0.0256313,1:0.0256313):4.95328);
SITE:	285	   0.0511921625	     2.51909566	001111
NEWICK_TREE:	[90]((2:0.669771,(4:0.0110493,3:0.0110493):0.658722):4.30914,((0:0.0256313,1:0.0256313):0.566674,5:0.592305):4.38661);
SITE:	286	   0.0512479914	     1.13427567	110001
SITE:	287	   0.0512800939	     1.90527004	001110
SITE:	288	   0.0512868051	    0.893212031	001110
NEWICK_TREE:	[45]((2:0.669771,(4:0.0110493,3:0.0110493):0.658722):4.30914,((0:0.0256313,1:0.0256313):0.566674,5:0.592305):4.38661);
NEWICK_TREE:	[22]((2:0.669771,(4:0.0110493,3:0.0110493):0.658722):4.30914,((0:0.0256313,1:0.0256313):0.566674,5:0.592305):4.38661);
NEWICK_TREE:	[93]((2:0.669771,(4:0.0110493,3:0.0110493):0.658722):4.30914,((0:0.0256313,1:0.0256313):0.566674,5:0.592305):4.38661);
SITE:	289	   0.0514643531	     1.47158044	001110
NEWICK_TREE:	[193]((2:0.669771,(4:0.0110493,3:0.0110493):0.658722):4.30914,((0:0.0256313,1:0.0256313):0.566674,5:0.592305):4.38661);
SITE:	290	   0.0515980142	     2.69465629	110001
NEWICK_TREE:	[3]((2:0.669771,(4:0.0110493,3:0.0110493):0.658722):4.30914,((0:0.0256313,1:0.0256313):0.597908,5:0.623539):4.35538);
NEWICK_TREE:	[443]((2:0.669771,(4:0.0110493,3:0.0110493):0.658722):4.30914,((0:0.0256313,1:0.0256313):0.597908,5:0.623539):4.35538);
SITE:	291	   0.0517441386	    0.862412317	001110
SITE:	292	   0.0518795178	     3.99204064	001110
SITE:	293	   0.0519593661	    0.247135459	000001
SITE:	294	   0.0520834177	     1.61691049	110001
NEWICK_TREE:	[42](((0:0.0256313,1:0.0256313):0.597908,5:0.623539):5.94674,(2:0.669771,(4:0.0110493,3:0.0110493):0.658722):5.90051);
SITE:	295	   0.0521633967	       1.071235	001110
NEWICK_TREE:	[134](((0:0.0256313,1:0.0256313):0.597908,5:0.623539):5.94674,(2:0.669771,(4:0.0110493,3:0.0110493):0.658722):5.90051);
SITE:	296	   0.0522364842	    0.466181402	000110
NEWICK_TREE:	[9](((0:0.0256313,1:0.0256313):0.597908,5:0.623539):5.94674,(2:0.669771,(4:0.0110493,3:0.0110493):0.658722):5.90051);
NEWICK_TREE:	[175](((0:0.0256313,1:0.0256313):0.597908,5:0.623539):5.94674,(2:0.669771,(4:0.0110493,3:0.0110493):0.658722):5.90051);
SITE:	297	   0.0523444606	     5.37552808	001110
SITE:	298	   0.0524324857	     1.65820972	001110
SITE:	299	   0.0524601429	     1.90401077	001110
NEWICK_TREE:	[50](((0:0.0256313,1:0.0256313):0.597908,5:0.623539):2.21333,(2:0.669771,(4:0.0110493,3:0.0110493):0.658722):2.16709);
NEWICK_TREE:	[25](((0:0.0256313,1:0.0256313):0.597908,5:0.623539):1.83797,(2:0.669771,(4:0.0110493,3:0.0110493):0.658722):1.79174);
NEWICK_TREE:	[14](((0:0.0256313,1:0.0256313):0.597908,5:0.623539):1.83797,(2:0.669771,(4:0.0110493,3:0.0110493):0.658722):1.79174);
NEWICK_TREE:	[249](((0:0.0256313,1:0.0256313):0.597908,5:0.623539):2.341,(2:0.669771,(4:0.0110493,3:0.0110493):0.658722):2.29477);
SITE:	300	    0.052780976	    0.553165861	000001
NEWICK_TREE:	[5](((0:0.0256313,1:0.0256313):0.597908,5:0.623539):2.341,(2:0.669771,(4:0.0110493,3:0.0110493):0.658722):2.29477);
NEWICK_TREE:	[140](5:2.96454,((2:0.0933986,(0:0.0256313,1:0.0256313):0.0677673):0.576373,(4:0.0110493,3:0.0110493):0.658722):2.29477);
SITE:	301	    0.052880214	     1.65792407	000001
NEWICK_TREE:	[199](5:2.96454,((2:0.0933986,(0:0.0256313,1:0.0256313):0.0677673):0.576373,(4:0.0110493,3:0.0110493):0.658722):2.29477);
SITE:	302	   0.0529988439	    0.235551838	000001
SITE:	303	   0.0530297482	     1.77353191	000001
NEWICK_TREE:	[104](5:2.96454,((2:0.0933986,(0:0.0256313,1:0.0256313):0.0677673):0.576373,(4:0.0110493,3:0.0110493):0.658722):2.29477);
NEWICK_TREE:	[139]((5:0.806053,(2:0.0933986,(0:0.0256313,1:0.0256313):0.0677673):0.712654):2.15849,(4:0.0110493,3:0.0110493):2.95349);
SITE:	304	   0.0533561555	    0.626426274	000001
NEWICK_TREE:	[80]((4:0.0110493,3:0.0110493):4.28767,(5:0.806053,(2:0.0933986,(0:0.0256313,1:0.0256313):0.0677673):0.712654):3.49267);
SITE:	305	   0.0534647912	    0.522599409	111000
NEWICK_TREE:	[51]((4:0.0110493,3:0.0110493):4.28767,(5:0.806053,(2:0.0933986,(0:0.0256313,1:0.0256313):0.0677673):0.712654):3.49267);
SITE:	306	    0.053529939	    0.221459547	111000
NEWICK_TREE:	[365]((4:0.0110493,3:0.0110493):4.28767,(5:0.806053,(2:0.0933986,(0:0.0256313,1:0.0256313):0.0677673):0.712654):3.49267);
SITE:	307	   0.0537127146	     2.95017304	000110
SITE:	308	   0.0537288592	     0.69298467	000001
SITE:	309	   0.0538416095	    0.256191268	111000
SITE:	310	     0.05384817	     3.83196772	000110
NEWICK_TREE:	[209]((5:0.806053,(2:0.0933986,(0:0.0256313,1:0.0256313):0.0677673):0.712654):3.72892,(4:0.0110493,3:0.0110493):4.52392);
SITE:	311	   0.0539495096	   0.0910905025	110000
NEWICK_TREE:	[192]((5:0.806053,(2:0.0933986,(0:0.0256313,1:0.0256313):0.0677673):0.712654):3.72892,(4:0.0110493,3:0.0110493):4.52392);
SITE:	312	   0.0541266816	    0.111128076	000110
SITE:	313	   0.0542349303	   0.0500889509	000110
SITE:	314	   0.0543095351	     3.32058243	000110
NEWICK_TREE:	[81]((4:0.0110493,3:0.0110493):3.89402,(5:0.806053,(2:0.0933986,(0:0.0256313,1:0.0256313):0.0677673):0.712654):3.09901);
SITE:	315	   0.0543707155	    0.877214318	111001
SITE:	316	   0.0543775545	     3.51248528	000110
NEWICK_TREE:	[499]((4:0.0110493,3:0.0110493):3.89402,(5:0.806053,(2:0.0933986,(0:0.0256313,1:0.0256313):0.0677673):0.712654):3.09901);
SITE:	317	   0.0545948817	     1.63313161	111001
SITE:	318	   0.0547188526	    0.837517669	111001
SITE:	319	   0.0547267162	    0.877433892	111001
SITE:	320	   0.0547996411	     2.24229921	111001
SITE:	321	   0.0548448113	   0.0310773959	000110
NEWICK_TREE:	[245]((4:0.0110493,3:0.0110493):3.89402,(5:0.806053,(2:0.0933986,(0:0.0256313,1:0.0256313):0.0677673):0.712654):3.09901);
SITE:	322	   0.0548971296	    0.273335582	000001
SITE:	323	   0.0549396338	     1.10691509	000110
SITE:	324	   0.0549822212	     2.40359414	000110
SITE:	325	   0.0550306204	     1.93018573	000110
SITE:	326	   0.0550432577	     0.80754582	000110
SITE:	327	   0.0550560721	     3.00298587	000110
NEWICK_TREE:	[25]((4:0.0110493,3:0.0110493):5.85029,(5:0.806053,(2:0.0933986,(0:0.0256313,1:0.0256313):0.0677673):0.712654):5.05529);
NEWICK_TREE:	[85]((4:0.0110493,3:0.0110493):5.85029,((5:0.645194,2:0.645194):0.160859,(0:0.0256313,1:0.0256313):0.780421):5.05529);
SITE:	328	   0.0551697443	    0.460144671	110000
NEWICK_TREE:	[16]((4:0.0110493,3:0.0110493):5.85029,((5:0.645194,2:0.645194):0.160859,(0:0.0256313,1:0.0256313):0.780421):5.05529);
NEWICK_TREE:	[375]((4:0.0110493,3:0.0110493):5.85029,((5:0.645194,2:0.645194):0.160859,(0:0.0256313,1:0.0256313):0.780421):5.05529);
SITE:	329	   0.0554755352	    0.371517227	110000
NEWICK_TREE:	[178]((4:0.0110493,3:0.0110493):5.85029,((5:0.645194,2:0.645194):0.160859,(0:0.0256313,1:0.0256313):0.780421):5.05529);
NEWICK_TREE:	[181]((4:0.0110493,3:0.0110493):5.85029,((5:0.645194,2:0.645194):0.160859,(0:0.0256313,1:0.0256313):0.780421):5.05529);
SITE:	330	   0.0559438135	    0.629488226	110000
SITE:	331	   0.0559789103	    0.589814095	000110
SITE:	332	   0.0559791217	     3.93400835	000110
NEWICK_TREE:	[289]((4:0.0110493,3:0.0110493):5.85029,((5:0.645194,2:0.645194):0.160859,(0:0.0256313,1:0.0256313):0.780421):5.05529);
SITE:	333	   0.0560202063	     4.60861469	000110
SITE:	334	   0.0560352524	     4.82379187	000110
SITE:	335	    0.056101613	     4.70984742	111001
NEWICK_TREE:	[265]((4:0.0110493,3:0.0110493):5.85029,((5:0.645194,2:0.645194):0.160859,(0:0.0256313,1:0.0256313):0.780421):5.05529);
SITE:	336	   0.0562973265	   0.0435577566	000001
SITE:	337	   0.0563004301	    0.568828363	000110
SITE:	338	   0.0564027398	     2.90137609	000110
SITE:	339	   0.0564427813	    0.179086656	000001
SITE:	340	   0.0564812252	    0.158305323	000001
SITE:	341	   0.0565415874	     5.04799399	111001
NEWICK_TREE:	[195]((4:0.0110493,3:0.0110493):5.85029,((5:0.40964,2:0.40964):0.396413,(0:0.0256313,1:0.0256313):0.780421):5.05529);
SITE:	342	   0.0566061729	     1.40959477	111001
SITE:	343	    0.056615142	     2.16647107	111001
SITE:	344	   0.0566270011	     4.06062685	000110
SITE:	345	   0.0566338759	    0.821902915	111001
NEWICK_TREE:	[45]((4:0.0110493,3:0.0110493):5.86873,((5:0.40964,2:0.40964):0.396413,(0:0.0256313,1:0.0256313):0.780421):5.07373);
NEWICK_TREE:	[336]((4:0.0110493,3:0.0110493):5.86873,((5:0.40964,2:0.40964):0.396413,(0:0.0256313,1:0.0256313):0.780421):5.07373);
SITE:	346	   0.0567992088	     0.61758092	001001
SITE:	347	   0.0568634954	     5.43873542	000110
SITE:	348	   0.0569084064	     5.63389894	000110
NEWICK_TREE:	[204]((4:0.0110493,3:0.0110493):5.86873,(5:0.806053,((0:0.0256313,1:0.0256313):0.287266,2:0.312897):0.493155):5.07373);
SITE:	349	   0.0571952809	     4.43680813	111001
SITE:	350	   0.0572001028	     5.10018998	000110
SITE:	351	   0.0572019357	     4.69920673	111001
SITE:	352	    0.057328219	     3.74755179	000110
NEWICK_TREE:	[276]((4:0.0110493,3:0.0110493):5.86873,(5:0.806053,((0:0.0256313,1:0.0256313):0.287266,2:0.312897):0.493155):5.07373);
SITE:	353	   0.0573622685	     1.46814306	111001
SITE:	354	   0.0574002306	     4.18299927	000110
SITE:	355	   0.0574741169	    0.369362304	000001
SITE:	356	   0.0574927273	     3.70486547	000110
SITE:	357	   0.0574953355	     4.93336851	000110
NEWICK_TREE:	[16]((4:0.0110493,3:0.0110493):5.86873,(5:0.806053,((0:0.0256313,1:0.0256313):0.287266,2:0.312897):0.493155):5.07373);
NEWICK_TREE:	[108]((4:0.0110493,3:0.0110493):5.86873,(5:0.806053,((0:0.0256313,1:0.0256313):0.287266,2:0.312897):0.493155):5.07373);
SITE:	358	   0.0576626134	    0.565103808	000001
SITE:	359	   0.0577084385	     0.82272726	000110
SITE:	360	   0.0577246207	     5.49472289	111001
NEWICK_TREE:	[5]((4:0.0110493,3:0.0110493):5.86873,(5:0.806053,((0:0.0256313,1:0.0256313):0.503453,2:0.529084):0.276968):5.07373);
NEWICK_TREE:	[172]((4:0.0110493,3:0.0110493):5.86873,(5:0.806053,((0:0.0256313,1:0.0256313):0.503453,2:0.529084):0.276968):5.07373);
SITE:	361	   0.0577633682	    0.542218264	000110
SITE:	362	   0.0577903415	    0.063697219	000110
SITE:	363	   0.0578256063	      4.3452453	000110
SITE:	364	    0.057834055	     1.53803704	111001
NEWICK_TREE:	[17]((4:0.0110493,3:0.0110493):5.86873,(5:0.806053,((0:0.0256313,1:0.0256313):0.503453,2:0.529084):0.276968):5.07373);
NEWICK_TREE:	[50]((4:0.0110493,3:0.0110493):5.86873,(5:0.806053,((0:0.0256313,1:0.0256313):0.503453,2:0.529084):0.276968):5.07373);
NEWICK_TREE:	[51]((5:0.806053,((0:0.0256313,1:0.0256313):0.503453,2:0.529084):0.276968):3.3141,(4:0.0110493,3:0.0110493):4.10911);
SITE:	365	   0.0580085633	   0.0650839452	000001
SITE:	366	   0.0580103639	     3.11969414	111001
NEWICK_TREE:	[98]((5:0.806053,((0:0.0256313,1:0.0256313):0.503453,2:0.529084):0.276968):3.3141,(4:0.0110493,3:0.0110493):4.10911);
SITE:	367	   0.0580356139	     1.76181319	111001
SITE:	368	   0.0580476449	   0.0383666609	001000
SITE:	369	    0.058073843	     3.05149279	000110
NEWICK_TREE:	[5]((5:0.806053,((0:0.0256313,1:0.0256313):0.503453,2:0.529084):0.276968):3.3141,(4:0.0110493,3:0.0110493):4.10911);
NEWICK_TREE:	[50]((5:0.806053,((0:0.0256313,1:0.0256313):0.503453,2:0.529084):0.276968):2.59211,(4:0.0110493,3:0.0110493):3.38711);
NEWICK_TREE:	[288]((5:0.806053,((0:0.0256313,1:0.0256313):0.503453,2:0.529084):0.276968):2.59211,(4:0.0110493,3:0.0110493):3.38711);
SITE:	370	   0.0582135328	    0.756647165	000001
SITE:	371	   0.0583338663	    0.485785111	000001
SITE:	372	   0.0584067038	     2.66030578	000110
SITE:	373	   0.0584459407	    0.135470768	000001
NEWICK_TREE:	[357]((((0:0.0256313,1:0.0256313):0.364469,5:0.390101):0.138984,2:0.529084):2.86908,(4:0.0110493,3:0.0110493):3.38711);
SITE:	374	   0.0586874682	     1.50990402	000110
NEWICK_TREE:	[574]((((0:0.0256313,1:0.0256313):0.364469,5:0.390101):0.138984,2:0.529084):2.66886,(4:0.0110493,3:0.0110493):3.18689);
SITE:	375	   0.0589169976	   0.0234771663	010000
SITE:	376	   0.0589375495	     3.10989012	111001
SITE:	377	   0.0589557539	    0.701615538	000110
SITE:	378	     0.05926596	    0.276967624	000001
SITE:	379	   0.0593679102	     1.67400876	000110
SITE:	380	   0.0593992295	    0.784103888	000110
NEWICK_TREE:	[958]((5:0.529084,2:0.529084):2.66886,((4:0.0110493,3:0.0110493):1.32053,(0:0.0256313,1:0.0256313):1.30595):1.86636);
SITE:	381	   0.0594848222	    0.906088812	001001
SITE:	382	   0.0596134766	    0.641454937	001001
SITE:	383	   0.0596241058	     1.72218174	110110
SITE:	384	   0.0596700976	    0.451095665	001000
SITE:	385	   0.0599707468	     0.31059529	110000
SITE:	386	   0.0600447573	    0.650658253	001001
SITE:	387	   0.0601479797	     1.33514199	110110
SITE:	388	   0.0601792071	    0.763100724	110000
SITE:	389	   0.0603153135	     1.69697314	001001
SITE:	390	   0.0603504831	    0.272943118	000110
SITE:	391	   0.0603583916	     0.84053579	110000
NEWICK_TREE:	[432]((5:0.529084,2:0.529084):3.08018,((4:0.0110493,3:0.0110493):1.32053,(0:0.0256313,1:0.0256313):1.30595):2.27768);
SITE:	392	   0.0603803564	 8.01254554e-05	000001
SITE:	393	   0.0604531096	     3.51193268	001001
SITE:	394	   0.0606076229	     2.57671382	001001
SITE:	395	     0.06063758	     3.34227919	001001
SITE:	396	   0.0607753942	    0.563229314	000110
SITE:	397	    0.060786662	      3.5591019	110110
NEWICK_TREE:	[435]((5:0.529084,2:0.529084):3.08018,((4:0.0110493,3:0.0110493):1.32053,(0:0.0256313,1:0.0256313):1.30595):2.27768);
SITE:	398	   0.0609694902	    0.253254882	000110
SITE:	399	   0.0610415071	    0.698679993	000110
SITE:	400	   0.0612249743	    0.178377938	000001
NEWICK_TREE:	[29]((5:0.877462,2:0.877462):2.7318,((4:0.0110493,3:0.0110493):1.32053,(0:0.0256313,1:0.0256313):1.30595):2.27768);
SITE:	401	   0.0612396313	     3.33675616	001001
NEWICK_TREE:	[20]((5:0.877462,2:0.877462):5.66501,((4:0.0110493,3:0.0110493):1.32053,(0:0.0256313,1:0.0256313):1.30595):5.2109);
NEWICK_TREE:	[93]((5:0.877462,2:0.877462):5.66501,((4:0.0110493,3:0.0110493):1.32053,(0:0.0256313,1:0.0256313):1.30595):5.2109);
SITE:	402	    0.061363501	     1.91817333	110110
NEWICK_TREE:	[20](((4:0.0110493,3:0.0110493):1.32053,(0:0.0256313,1:0.0256313):1.30595):1.70548,(5:0.877462,2:0.877462):2.1596);
NEWICK_TREE:	[110](((4:0.0110493,3:0.0110493):1.32053,((0:0.0256313,1:0.0256313):1.10146,2:1.12709):0.204488):1.70548,5:3.03706);
SITE:	403	   0.0614132257	      1.6945451	000001
NEWICK_TREE:	[282](((4:0.0110493,3:0.0110493):1.32053,(2:0.746568,(0:0.0256313,1:0.0256313):0.720937):0.585011):1.70548,5:3.03706);
SITE:	404	    0.061550715	     2.08555157	000001
SITE:	405	   0.0616016023	     0.78157276	111000
SITE:	406	   0.0616225454	    0.780060875	000110
NEWICK_TREE:	[39](((4:0.0110493,3:0.0110493):1.32053,(2:0.746568,(0:0.0256313,1:0.0256313):0.720937):0.585011):4.89683,5:6.22841);
NEWICK_TREE:	[238](((4:0.0110493,3:0.0110493):0.592984,5:0.604033):0.727547,(2:0.746568,(0:0.0256313,1:0.0256313):0.720937):0.585011);
SITE:	407	   0.0619466259	  0.00196452713	100000
NEWICK_TREE:	[275](((4:0.0110493,3:0.0110493):0.592984,5:0.604033):0.727547,(2:0.623872,(0:0.0256313,1:0.0256313):0.598241):0.707708);
SITE:	408	   0.0622695198	    0.448046444	000110
NEWICK_TREE:	[1259](((4:0.0110493,3:0.0110493):0.592984,5:0.604033):0.727547,(2:0.623872,(0:0.0256313,1:0.0256313):0.598241):0.707708);
SITE:	409	   0.0625535385	    0.338676479	000110
SITE:	410	   0.0629571147	    0.303580314	001000
SITE:	411	   0.0631098847	     1.21821567	111000
SITE:	412	   0.0632416111	    0.972988346	000111
SITE:	413	   0.0634106802	    0.467737273	000110
SITE:	414	   0.0634916329	     1.16012427	111000
SITE:	415	   0.0635053306	      1.2070026	000111
NEWICK_TREE:	[98](((4:0.0110493,3:0.0110493):0.341549,5:0.352598):0.978982,(2:0.623872,(0:0.0256313,1:0.0256313):0.598241):0.707708);
NEWICK_TREE:	[27]((((4:0.0110493,3:0.0110493):0.341549,5:0.352598):0.978982,2:1.33158):2.40676,(0:0.0256313,1:0.0256313):3.7127);
NEWICK_TREE:	[517](((4:0.0110493,3:0.0110493):0.341549,5:0.352598):0.978982,(2:0.611201,(0:0.0256313,1:0.0256313):0.58557):0.720379);
SITE:	416	   0.0640457283	  0.00148128029	001000
SITE:	417	   0.0641470998	    0.383426695	110000
NEWICK_TREE:	[118]((5:0.0356971,(4:0.0110493,3:0.0110493):0.0246478):1.29588,(2:0.611201,(0:0.0256313,1:0.0256313):0.58557):0.720379);
NEWICK_TREE:	[452]((5:0.0356971,(4:0.0110493,3:0.0110493):0.0246478):1.29588,(2:0.36901,(0:0.0256313,1:0.0256313):0.343379):0.962569);
SITE:	418	   0.0644099362	     1.23589843	111000
SITE:	419	     0.06452633	     1.19393991	000111
NEWICK_TREE:	[531]((5:0.0356971,(4:0.0110493,3:0.0110493):0.0246478):1.57201,(2:0.36901,(0:0.0256313,1:0.0256313):0.343379):1.2387);
SITE:	420	   0.0650060408	    0.672070886	000111
NEWICK_TREE:	[1298]((5:0.0356971,(4:0.0110493,3:0.0110493):0.0246478):1.47265,(2:0.36901,(0:0.0256313,1:0.0256313):0.343379):1.13934);
SITE:	421	   0.0654712573	    0.704747066	000111
SITE:	422	   0.0655252998	     1.38589728	111000
SITE:	423	   0.0657236758	    0.841634168	111000
SITE:	424	   0.0657954342	   0.0360186041	000111
SITE:	425	   0.0659427301	    0.784332714	000111
SITE:	426	   0.0661391017	     0.54831711	000111
SITE:	427	   0.0664199399	    0.139539497	000111
SITE:	428	   0.0664863202	    0.468546971	111000
SITE:	429	   0.0665774843	    0.867954172	000111
NEWICK_TREE:	[361]((5:0.0356971,(4:0.0110493,3:0.0110493):0.0246478):1.47265,(2:0.36901,(0:0.0256313,1:0.0256313):0.343379):1.13934);
SITE:	430	   0.0666563931	    0.285937145	000111
SITE:	431	   0.0667851347	    0.952263933	000111
NEWICK_TREE:	[586]((5:0.0356971,(4:0.0110493,3:0.0110493):0.0246478):1.47265,((0:0.0256313,1:0.0256313):0.230315,2:0.255946):1.2524);
SITE:	432	   0.0670626505	     1.13548029	000111
NEWICK_TREE:	[363]((5:0.0356971,(4:0.0110493,3:0.0110493):0.0246478):1.47265,((0:0.0256313,1:0.0256313):0.230315,2:0.255946):1.2524);
SITE:	433	   0.0676912278	    0.533383402	000111
NEWICK_TREE:	[37]((5:0.0356971,(4:0.0110493,3:0.0110493):0.0246478):1.47265,(2:0.912342,(0:0.0256313,1:0.0256313):0.88671):0.596005);
NEWICK_TREE:	[204]((5:0.0356971,(4:0.0110493,3:0.0110493):0.0246478):1.47265,(2:0.912342,(0:0.0256313,1:0.0256313):0.88671):0.596005);
NEWICK_TREE:	[440]((5:0.0356971,(4:0.0110493,3:0.0110493):0.0246478):1.47265,(2:0.912342,(0:0.0256313,1:0.0256313):0.88671):0.596005);
SITE:	434	   0.0682367575	     1.23767937	000111
SITE:	435	   0.0685514632	    0.641143883	000111
NEWICK_TREE:	[582]((5:0.0356971,(4:0.0110493,3:0.0110493):0.0246478):1.47265,(2:0.912342,(0:0.0256313,1:0.0256313):0.88671):0.596005);
SITE:	436	   0.0690613989	    0.106884285	000111
SITE:	437	    0.069115054	    0.338045737	110000
NEWICK_TREE:	[1134]((5:0.0356971,(4:0.0110493,3:0.0110493):0.0246478):1.47265,(2:0.912342,(0:0.0256313,1:0.0256313):0.88671):0.596005);
SITE:	438	   0.0694298549	     0.64335514	001000
SITE:	439	   0.0694834503	    0.195649871	001000
SITE:	440	   0.0697503401	   0.0726529893	000111
SITE:	441	     0.07010801	   0.0452199315	110000
NEWICK_TREE:	[1093]((5:0.0356971,(4:0.0110493,3:0.0110493):0.0246478):1.47265,((0:0.0256313,1:0.0256313):1.2043,2:1.22993):0.278417);
SITE:	442	   0.0704696849	     1.43981987	000111
SITE:	443	   0.0708445614	     1.31515315	000111
SITE:	444	   0.0708826679	    0.274289645	001000
NEWICK_TREE:	[1463]((5:0.0356971,(4:0.0110493,3:0.0110493):0.0246478):1.47265,((0:0.0256313,1:0.0256313):1.2043,2:1.22993):0.278417);
SITE:	445	   0.0718477818	     1.12689967	110000
NEWICK_TREE:	[36](((0:0.0256313,1:0.0256313):1.2043,2:1.22993):7.37326,(5:0.0356971,(4:0.0110493,3:0.0110493):0.0246478):8.56749);
SITE:	446	   0.0729223386	      2.8391726	111000
NEWICK_TREE:	[79](((0:0.0256313,1:0.0256313):1.2043,2:1.22993):7.37326,(5:0.0356971,(4:0.0110493,3:0.0110493):0.0246478):8.56749);
SITE:	447	   0.0729831532	     2.45686235	111000
SITE:	448	   0.0729889252	     3.75590592	111000
NEWICK_TREE:	[38](((0:0.0256313,1:0.0256313):1.2043,2:1.22993):7.37326,(5:0.0356971,(4:0.0110493,3:0.0110493):0.0246478):8.56749);
SITE:	449	   0.0730261852	     4.97517147	111000
SITE:	450	   0.0730299857	     4.27263547	111000
SITE:	451	   0.0730344958	     2.95518699	000111
SITE:	452	   0.0730367473	     3.61879477	111000
NEWICK_TREE:	[68](((0:0.0256313,1:0.0256313):1.2043,2:1.22993):7.37326,(5:0.0356971,(4:0.0110493,3:0.0110493):0.0246478):8.56749);
SITE:	453	    0.073047113	     3.85522209	111000
NEWICK_TREE:	[158]((2:0.701705,(0:0.0256313,1:0.0256313):0.676074):7.90148,(5:0.0356971,(4:0.0110493,3:0.0110493):0.0246478):8.56749);
SITE:	454	   0.0731659821	     4.96913608	000111
SITE:	455	   0.0731790553	     7.28395791	111000
SITE:	456	    0.073180728	     5.77114551	000111
SITE:	457	   0.0731915607	     1.02127525	111000
SITE:	458	   0.0731981212	    0.786532274	000111
SITE:	459	   0.0732511049	     3.71185796	111000
SITE:	460	   0.0732531544	     6.45385862	000111
NEWICK_TREE:	[411]((5:0.0356971,(4:0.0110493,3:0.0110493):0.0246478):3.5179,(2:0.701705,(0:0.0256313,1:0.0256313):0.676074):2.85189);
SITE:	461	   0.0733471129	    0.807432215	111000
SITE:	462	   0.0733874957	     1.49008465	000111
NEWICK_TREE:	[288]((5:0.0356971,(4:0.0110493,3:0.0110493):0.0246478):3.5179,(2:0.701705,(0:0.0256313,1:0.0256313):0.676074):2.85189);
SITE:	463	    0.073917586	    0.316750125	001000
NEWICK_TREE:	[557]((5:0.0356971,(4:0.0110493,3:0.0110493):0.0246478):3.5179,((0:0.0256313,1:0.0256313):0.720457,2:0.746088):2.80751);
SITE:	464	   0.0739825682	     1.69083005	111000
SITE:	465	   0.0742228441	      2.1693239	111000
SITE:	466	   0.0743311782	    0.708335851	000111
SITE:	467	   0.0744737045	     1.44621471	111000
NEWICK_TREE:	[165]((5:0.0356971,(4:0.0110493,3:0.0110493):0.0246478):7.10671,((0:0.0256313,1:0.0256313):0.720457,2:0.746088):6.39632);
SITE:	468	   0.0745915443	     3.84890729	000111
SITE:	469	   0.0746204652	     6.45253837	111000
NEWICK_TREE:	[10]((5:0.0356971,(4:0.0110493,3:0.0110493):0.0246478):7.10671,((0:0.0256313,1:0.0256313):0.720457,2:0.746088):6.39632);
SITE:	470	   0.0747039074	     4.38462602	000111
NEWICK_TREE:	[3]((5:0.0356971,(4:0.0110493,3:0.0110493):0.0246478):7.10671,((0:0.0256313,1:0.0256313):0.720457,2:0.746088):6.39632);
NEWICK_TREE:	[384]((5:0.0356971,(4:0.0110493,3:0.0110493):0.0246478):7.10671,((0:0.0256313,1:0.0256313):0.720457,2:0.746088):6.39632);
SITE:	471	   0.0747431524	     6.63235859	000111
SITE:	472	   0.0748668329	    0.112043266	000111
SITE:	473	   0.0749055294	      6.9449171	000111
SITE:	474	   0.0750173569	     6.23079356	000111
NEWICK_TREE:	[39](((5:0.0356971,(4:0.0110493,3:0.0110493):0.0246478):0.418407,(0:0.0256313,1:0.0256313):0.428473):6.68831,2:7.14241);
NEWICK_TREE:	[121](((5:0.0356971,(4:0.0110493,3:0.0110493):0.0246478):0.418407,(0:0.0256313,1:0.0256313):0.428473):6.68831,2:7.14241);
SITE:	475	   0.0752481918	     5.60970131	001000
NEWICK_TREE:	[29](((5:0.0356971,(4:0.0110493,3:0.0110493):0.0246478):0.418407,(0:0.0256313,1:0.0256313):0.428473):6.68831,2:7.14241);
NEWICK_TREE:	[34](2:5.92771,((5:0.0356971,(4:0.0110493,3:0.0110493):0.0246478):0.418407,(0:0.0256313,1:0.0256313):0.428473):5.47361);
NEWICK_TREE:	[156](2:5.92771,((5:0.0356971,(4:0.0110493,3:0.0110493):0.0246478):0.418407,(0:0.0256313,1:0.0256313):0.428473):5.47361);
NEWICK_TREE:	[251](((5:0.0356971,(4:0.0110493,3:0.0110493):0.0246478):0.418407,(0:0.0256313,1:0.0256313):0.428473):1.24943,2:1.70353);
NEWICK_TREE:	[141](((5:0.0356971,(4:0.0110493,3:0.0110493):0.0246478):0.418407,(0:0.0256313,1:0.0256313):0.428473):1.36932,2:1.82343);
NEWICK_TREE:	[633](((5:0.0356971,(4:0.0110493,3:0.0110493):0.0246478):0.418407,(0:0.0256313,1:0.0256313):0.428473):1.30751,2:1.76161);
SITE:	476	   0.0760362168	   0.0114274985	000001
SITE:	477	   0.0763603734	    0.803705298	110111
NEWICK_TREE:	[110](((5:0.0356971,(4:0.0110493,3:0.0110493):0.0246478):1.45723,(0:0.0256313,1:0.0256313):1.46729):0.268689,2:1.76161);
SITE:	478	   0.0765833113	     1.49017266	110000
NEWICK_TREE:	[49](((0:0.0256313,1:0.0256313):1.39608,(5:0.0356971,(4:0.0110493,3:0.0110493):0.0246478):1.38602):0.339897,2:1.76161);
NEWICK_TREE:	[15](2:1.87109,((0:0.0256313,1:0.0256313):1.39608,(5:0.0356971,(4:0.0110493,3:0.0110493):0.0246478):1.38602):0.449376);
SITE:	479	   0.0766648625	     1.64095825	001000
NEWICK_TREE:	[398](2:1.87109,((0:0.0256313,1:0.0256313):1.39608,(5:0.0356971,(4:0.0110493,3:0.0110493):0.0246478):1.38602):0.449376);
SITE:	480	   0.0767866867	    0.876027613	110000
SITE:	481	    0.076807305	    0.700018462	110000
NEWICK_TREE:	[78](2:1.87109,((0:0.0256313,1:0.0256313):1.39608,(5:0.0356971,(4:0.0110493,3:0.0110493):0.0246478):1.38602):0.449376);
NEWICK_TREE:	[120](2:1.87109,((0:0.0256313,1:0.0256313):1.39608,(5:0.0356971,(4:0.0110493,3:0.0110493):0.0246478):1.38602):0.449376);
NEWICK_TREE:	[205](2:1.87109,((0:0.0256313,1:0.0256313):1.39608,(5:0.0356971,(4:0.0110493,3:0.0110493):0.0246478):1.38602):0.449376);
SITE:	482	   0.0773980974	    0.604685712	000111
SITE:	483	   0.0774172836	     1.25300664	001000
NEWICK_TREE:	[773](2:1.87109,((0:0.0256313,1:0.0256313):1.39608,(5:0.0356971,(4:0.0110493,3:0.0110493):0.0246478):1.38602):0.449376);
SITE:	484	   0.0775641506	     1.26314831	110000
SITE:	485	    0.077613732	    0.259124705	110000
SITE:	486	   0.0778190627	    0.452877515	001000
SITE:	487	   0.0779225053	     1.48812467	110111
SITE:	488	   0.0779549777	    0.590613136	110000
SITE:	489	   0.0780615807	    0.590062472	000111
SITE:	490	   0.0781550657	     1.37907877	001000
NEWICK_TREE:	[404](2:1.87109,((5:0.0356971,(4:0.0110493,3:0.0110493):0.0246478):0.386256,(0:0.0256313,1:0.0256313):0.396322):1.44914);
SITE:	491	   0.0782518784	     1.79293149	001000
SITE:	492	   0.0784567891	    0.187723441	110000
NEWICK_TREE:	[701](2:1.87109,((5:0.0356971,(4:0.0110493,3:0.0110493):0.0246478):0.386256,(0:0.0256313,1:0.0256313):0.396322):1.44914);
SITE:	493	   0.0786787375	     1.66473082	001000
SITE:	494	   0.0787045326	    0.242501219	000111
SITE:	495	   0.0788463116	     1.58456611	001000
SITE:	496	   0.0788609619	    0.255778487	000111
SITE:	497	   0.0791578349	     1.64040933	001000
NEWICK_TREE:	[83]((2:1.86489,(0:0.0256313,1:0.0256313):1.83925):0.00620557,(5:0.0356971,(4:0.0110493,3:0.0110493):0.0246478):1.83539);
SITE:	498	   0.0793774059	     1.13115757	110000
NEWICK_TREE:	[367](2:1.86489,((0:0.0256313,1:0.0256313):1.31235,(5:0.0356971,(4:0.0110493,3:0.0110493):0.0246478):1.30229):0.526903);
NEWICK_TREE:	[9](2:1.86489,((0:0.0256313,1:0.0256313):0.915205,(5:0.0356971,(4:0.0110493,3:0.0110493):0.0246478):0.905139):0.92405);
NEWICK_TREE:	[342](2:2.1061,((0:0.0256313,1:0.0256313):0.915205,(5:0.0356971,(4:0.0110493,3:0.0110493):0.0246478):0.905139):1.16526);
SITE:	499	   0.0799744268	     2.00418156	001000
NEWICK_TREE:	[359](2:2.1061,((0:0.0256313,1:0.0256313):0.915205,(5:0.0356971,(4:0.0110493,3:0.0110493):0.0246478):0.905139):1.16526);
SITE:	500	   0.0804300353	   0.0703373793	000111
SITE:	501	   0.0804811429	    0.115452972	001000
NEWICK_TREE:	[878](((0:0.0256313,1:0.0256313):0.915205,(5:0.0356971,(4:0.0110493,3:0.0110493):0.0246478):0.905139):1.68239,2:2.62323);
SITE:	502	    0.080606593	     1.20292497	001000
SITE:	503	   0.0807208848	     1.20407461	110111
SITE:	504	   0.0807370054	     1.13984514	110111
SITE:	505	   0.0808000475	     1.64130576	001000
SITE:	506	   0.0808861222	     0.30987263	001000
SITE:	507	   0.0810247746	     2.46092338	001000
SITE:	508	   0.0811027302	     2.39302726	110111
SITE:	509	   0.0811199618	     1.81188252	001000
NEWICK_TREE:	[109](2:1.99344,((0:0.0256313,1:0.0256313):0.915205,(5:0.0356971,(4:0.0110493,3:0.0110493):0.0246478):0.905139):1.0526);
NEWICK_TREE:	[112](2:1.99344,((0:0.0256313,1:0.0256313):0.391854,(5:0.0356971,(4:0.0110493,3:0.0110493):0.0246478):0.381788):1.57595);
NEWICK_TREE:	[212](2:1.99344,((0:0.0256313,1:0.0256313):0.391854,(5:0.0356971,(4:0.0110493,3:0.0110493):0.0246478):0.381788):1.57595);
NEWICK_TREE:	[170](((0:0.0256313,1:0.0256313):0.391854,(5:0.0356971,(4:0.0110493,3:0.0110493):0.0246478):0.381788):3.30872,2:3.7262);
NEWICK_TREE:	[424](((0:0.0256313,1:0.0256313):0.391854,(5:0.0356971,(4:0.0110493,3:0.0110493):0.0246478):0.381788):3.30872,2:3.7262);
SITE:	510	   0.0820159463	      2.5046549	001000
SITE:	511	   0.0820390555	     3.31864295	001000
SITE:	512	   0.0822826678	     3.08279397	110111
SITE:	513	   0.0823121525	    0.943794053	001000
NEWICK_TREE:	[16](((0:0.0256313,1:0.0256313):0.391854,(5:0.0356971,(4:0.0110493,3:0.0110493):0.0246478):0.381788):3.30872,2:3.7262);
NEWICK_TREE:	[59](((0:0.0256313,1:0.0256313):0.391854,(5:0.0356971,(4:0.0110493,3:0.0110493):0.0246478):0.381788):3.30872,2:3.7262);
NEWICK_TREE:	[41](((0:0.0256313,1:0.0256313):0.391854,(5:0.0356971,(4:0.0110493,3:0.0110493):0.0246478):0.381788):3.30872,2:3.7262);
NEWICK_TREE:	[37](((0:0.0256313,1:0.0256313):0.391854,(5:0.0356971,(4:0.0110493,3:0.0110493):0.0246478):0.381788):3.30872,2:3.7262);
NEWICK_TREE:	[484]((5:0.0356971,(4:0.0110493,3:0.0110493):0.0246478):3.6905,(2:0.634535,(0:0.0256313,1:0.0256313):0.608903):3.09167);
SITE:	514	   0.0827190756	    0.643425834	111000
SITE:	515	   0.0829121726	     1.63659104	000111
SITE:	516	   0.0829844814	     2.84704987	111000
SITE:	517	   0.0829992519	    0.270404603	001000
SITE:	518	   0.0830320227	     3.46339652	111000
NEWICK_TREE:	[61]((5:0.0356971,(4:0.0110493,3:0.0110493):0.0246478):3.6905,(2:0.634535,(0:0.0256313,1:0.0256313):0.608903):3.09167);
NEWICK_TREE:	[481]((5:0.0356971,(4:0.0110493,3:0.0110493):0.0246478):3.6905,(2:0.634535,(0:0.0256313,1:0.0256313):0.608903):3.09167);
SITE:	519	   0.0831364867	     3.12813388	111000
SITE:	520	   0.0833571117	     0.63230404	000111
NEWICK_TREE:	[225]((5:0.0356971,(4:0.0110493,3:0.0110493):0.0246478):3.6905,(2:2.16697,(0:0.0256313,1:0.0256313):2.14134):1.55923);
SITE:	521	   0.0836092577	     2.75182508	000111
SITE:	522	   0.0836959681	     1.57440699	110000
SITE:	523	   0.0837042553	     1.31779816	001000
NEWICK_TREE:	[634]((5:0.0356971,(4:0.0110493,3:0.0110493):0.0246478):3.6905,(2:2.16697,(0:0.0256313,1:0.0256313):2.14134):1.55923);
SITE:	524	   0.0838384148	      1.3920457	110000
SITE:	525	   0.0838428469	    0.226998789	110000
SITE:	526	   0.0838897612	    0.803032065	001000
SITE:	527	   0.0840035701	     0.13602941	001000
NEWICK_TREE:	[480]((5:0.0356971,(4:0.0110493,3:0.0110493):0.0246478):3.6905,(2:2.16697,(0:0.0256313,1:0.0256313):2.14134):1.55923);
SITE:	528	   0.0846119636	     1.01664195	001000
SITE:	529	   0.0847082647	     1.98072554	000111
SITE:	530	   0.0848531113	     1.30105581	000111
SITE:	531	   0.0848920041	        1.54073	001000
NEWICK_TREE:	[63]((5:0.0356971,(4:0.0110493,3:0.0110493):0.0246478):3.6905,(2:1.56299,(0:0.0256313,1:0.0256313):1.53736):2.16321);
SITE:	532	   0.0849370448	    0.133288272	000111
NEWICK_TREE:	[161]((5:0.0356971,(4:0.0110493,3:0.0110493):0.0246478):3.6905,(2:0.147183,(0:0.0256313,1:0.0256313):0.121552):3.57902);
SITE:	533	   0.0850041752	     2.51033516	000111
SITE:	534	   0.0850091067	     1.04014671	111000
NEWICK_TREE:	[216]((2:0.147183,(0:0.0256313,1:0.0256313):0.121552):6.10616,(5:0.0356971,(4:0.0110493,3:0.0110493):0.0246478):6.21764);
SITE:	535	   0.0852213086	     1.53082426	111000
SITE:	536	   0.0852223956	    0.968688228	111000
NEWICK_TREE:	[56]((2:0.147183,(0:0.0256313,1:0.0256313):0.121552):6.10616,(5:0.0356971,(4:0.0110493,3:0.0110493):0.0246478):6.21764);
SITE:	537	   0.0854261563	     5.61201447	000111
NEWICK_TREE:	[61](((2:0.147183,0:0.147183):0.12911,1:0.276293):5.97705,(5:0.0356971,(4:0.0110493,3:0.0110493):0.0246478):6.21764);
NEWICK_TREE:	[186](((2:0.147183,0:0.147183):0.12911,1:0.276293):5.97705,(5:0.0356971,(4:0.0110493,3:0.0110493):0.0246478):6.21764);
SITE:	538	   0.0856179575	     1.61898979	111000
NEWICK_TREE:	[340](((2:0.147183,0:0.147183):0.12911,1:0.276293):5.97705,(5:0.0356971,(4:0.0110493,3:0.0110493):0.0246478):6.21764);
SITE:	539	   0.0858776526	    0.435631246	000111
SITE:	540	   0.0858912067	     5.36652032	111000
SITE:	541	   0.0859132595	     4.54372977	000111
SITE:	542	   0.0859709861	     1.63713902	000111
SITE:	543	    0.086011573	     0.76014705	000111
NEWICK_TREE:	[13](((2:0.147183,0:0.147183):0.12911,1:0.276293):5.97705,(5:0.0356971,(4:0.0110493,3:0.0110493):0.0246478):6.21764);
NEWICK_TREE:	[114](((0:0.276293,1:0.276293):1.3538,2:1.63009):4.62325,(5:0.0356971,(4:0.0110493,3:0.0110493):0.0246478):6.21764);
SITE:	544	    0.086070642	     5.96278388	111000
NEWICK_TREE:	[109](((0:0.276293,1:0.276293):1.3538,2:1.63009):4.62325,(5:0.0356971,(4:0.0110493,3:0.0110493):0.0246478):6.21764);
SITE:	545	   0.0862016435	     3.30736085	000111
SITE:	546	   0.0862099581	    0.394898901	110000
NEWICK_TREE:	[45](((0:0.276293,1:0.276293):1.3538,2:1.63009):4.62325,(5:0.0356971,(4:0.0110493,3:0.0110493):0.0246478):6.21764);
NEWICK_TREE:	[35](((0:0.276293,1:0.276293):1.3538,2:1.63009):4.62325,(5:0.0356971,(4:0.0110493,3:0.0110493):0.0246478):6.21764);
NEWICK_TREE:	[547](((0:0.276293,1:0.276293):1.3538,2:1.63009):4.13614,(5:0.0356971,(4:0.0110493,3:0.0110493):0.0246478):5.73054);
SITE:	547	   0.0863955236	    0.679866517	001000
SITE:	548	   0.0864706513	     3.53201351	111000
SITE:	549	   0.0865772507	     0.66448656	000111
SITE:	550	   0.0865908865	    0.437637308	001000
SITE:	551	   0.0866249736	     3.12781599	111000
SITE:	552	   0.0866360274	     5.76506731	000111
SITE:	553	   0.0867041878	     5.22898422	000111
SITE:	554	   0.0867123353	     1.13803726	001000
SITE:	555	   0.0867658667	     4.27855622	111000
SITE:	556	    0.086803523	    0.111933319	010000
SITE:	557	   0.0868081606	     2.02332509	000111
SITE:	558	   0.0868650524	     3.23978486	111000
NEWICK_TREE:	[187](((0:0.276293,1:0.276293):1.3538,2:1.63009):4.13614,(5:0.0356971,(4:0.0110493,3:0.0110493):0.0246478):5.73054);
SITE:	559	   0.0869070441	     1.68850354	111000
SITE:	560	    0.086992384	     1.06074293	001000
NEWICK_TREE:	[77](((0:0.276293,1:0.276293):1.3538,2:1.63009):4.13614,(5:0.0356971,(4:0.0110493,3:0.0110493):0.0246478):5.73054);
SITE:	561	   0.0870941466	    0.552059916	001000
SITE:	562	   0.0871255899	     4.16134253	000111
SITE:	563	   0.0871338036	    0.326227276	000111
NEWICK_TREE:	[721](((0:0.276293,1:0.276293):1.3538,2:1.63009):4.13614,(5:0.0356971,(4:0.0110493,3:0.0110493):0.0246478):5.73054);
SITE:	564	   0.0871725508	    0.411183192	001000
SITE:	565	   0.0872497329	     5.30146642	000111
SITE:	566	   0.0873078085	     4.87137746	000111
SITE:	567	   0.0873169806	     2.75768496	111000
SITE:	568	   0.0875839247	    0.775882279	110000
SITE:	569	   0.0875908401	     4.98256689	111000
SITE:	570	   0.0875991653	     3.56311899	000111
SITE:	571	   0.0876303368	    0.113121317	100000
SITE:	572	   0.0876972571	     5.19891017	111000
SITE:	573	    0.087743389	    0.389140347	000111
SITE:	574	   0.0878130699	    0.739996834	000111
SITE:	575	   0.0878252058	     1.25716063	000111
SITE:	576	   0.0878613957	     5.21649962	111000
SITE:	577	   0.0878620256	     4.27530235	111000
NEWICK_TREE:	[212](((0:0.276293,1:0.276293):1.3538,2:1.63009):4.13614,(5:0.0356971,(4:0.0110493,3:0.0110493):0.0246478):5.73054);
SITE:	578	   0.0880382701	     1.37585837	110000
SITE:	579	   0.0880608113	     2.64836822	111000
SITE:	580	   0.0880641848	     5.66331107	111000
NEWICK_TREE:	[81](((0:0.276293,1:0.276293):1.3538,2:1.63009):4.13614,(5:0.0356971,(4:0.0110493,3:0.0110493):0.0246478):5.73054);
SITE:	581	   0.0880922423	    0.404331096	110000
NEWICK_TREE:	[15](((0:0.276293,1:0.276293):1.3538,2:1.63009):4.13614,(5:0.0356971,(4:0.0110493,3:0.0110493):0.0246478):5.73054);
SITE:	582	   0.0881638714	      5.3696179	000111
NEWICK_TREE:	[63](((0:0.276293,1:0.276293):1.97614,2:2.25243):3.5138,(5:0.0356971,(4:0.0110493,3:0.0110493):0.0246478):5.73054);
SITE:	583	   0.0881953188	      1.5531681	001000
NEWICK_TREE:	[88]((2:2.26157,(0:0.276293,1:0.276293):1.98527):3.50467,(5:0.0356971,(4:0.0110493,3:0.0110493):0.0246478):5.73054);
SITE:	584	   0.0882462134	     4.52184382	111000
NEWICK_TREE:	[54]((2:2.26157,(0:0.276293,1:0.276293):1.98527):3.50467,(5:0.0356971,(4:0.0110493,3:0.0110493):0.0246478):5.73054);
NEWICK_TREE:	[50]((2:2.26157,(0:0.276293,1:0.276293):1.98527):3.50467,(5:0.0356971,(4:0.0110493,3:0.0110493):0.0246478):5.73054);
NEWICK_TREE:	[41]((2:2.11875,(0:0.276293,1:0.276293):1.84245):3.64749,(5:0.0356971,(4:0.0110493,3:0.0110493):0.0246478):5.73054);
NEWICK_TREE:	[85](((0:0.276293,1:0.276293):0.782011,2:1.0583):4.70793,(5:0.0356971,(4:0.0110493,3:0.0110493):0.0246478):5.73054);
SITE:	585	   0.0885455671	     3.09817944	111000
SITE:	586	   0.0885500317	      1.1624644	000111
NEWICK_TREE:	[68](((0:0.276293,1:0.276293):0.782011,2:1.0583):4.70793,(5:0.0356971,(4:0.0110493,3:0.0110493):0.0246478):5.73054);
SITE:	587	   0.0885849828	    0.526864107	110000
NEWICK_TREE:	[38](((0:0.276293,1:0.276293):0.782011,2:1.0583):11.019,(5:0.0356971,(4:0.0110493,3:0.0110493):0.0246478):12.0416);
NEWICK_TREE:	[58](((0:0.276293,1:0.276293):0.782011,2:1.0583):11.019,(5:0.0356971,(4:0.0110493,3:0.0110493):0.0246478):12.0416);
SITE:	588	   0.0886724349	    0.892937932	001000
SITE:	589	   0.0886926992	     10.4926048	111000
NEWICK_TREE:	[121](((0:0.276293,1:0.276293):0.782011,2:1.0583):11.019,(5:0.0356971,(4:0.0110493,3:0.0110493):0.0246478):12.0416);
SITE:	590	   0.0887370051	     3.29020748	000111
NEWICK_TREE:	[8](((0:0.276293,1:0.276293):0.782011,2:1.0583):5.30372,(5:0.0356971,(4:0.0110493,3:0.0110493):0.0246478):6.32632);
NEWICK_TREE:	[81](((0:0.276293,1:0.276293):0.782011,2:1.0583):5.30372,(5:0.0356971,(4:0.0110493,3:0.0110493):0.0246478):6.32632);
SITE:	591	   0.0888682466	      3.8196096	000111
SITE:	592	   0.0888707218	    0.440876444	001000
NEWICK_TREE:	[305](((0:0.276293,1:0.276293):0.628399,2:0.904692):5.45733,(5:0.0356971,(4:0.0110493,3:0.0110493):0.0246478):6.32632);
SITE:	593	   0.0890677043	    0.297047214	110000
SITE:	594	    0.089082001	     1.34831088	000111
SITE:	595	   0.0892240876	     4.06387946	000111
NEWICK_TREE:	[151](((0:0.276293,1:0.276293):0.628399,2:0.904692):5.45733,(5:0.0356971,(4:0.0110493,3:0.0110493):0.0246478):6.32632);
SITE:	596	   0.0893320501	     5.33337898	111000
SITE:	597	   0.0893375582	     2.08437493	000111
NEWICK_TREE:	[117]((1:0.904692,(2:0.503663,0:0.503663):0.40103):5.45733,(5:0.0356971,(4:0.0110493,3:0.0110493):0.0246478):6.32632);
SITE:	598	   0.0894079744	     1.26242409	000111
NEWICK_TREE:	[27]((1:0.904692,(2:0.503663,0:0.503663):0.40103):5.45733,(5:0.0356971,(4:0.0110493,3:0.0110493):0.0246478):6.32632);
NEWICK_TREE:	[6]((1:0.904692,(2:0.503663,0:0.503663):0.40103):5.45733,(5:0.0356971,(4:0.0110493,3:0.0110493):0.0246478):6.32632);
NEWICK_TREE:	[98]((1:0.904692,(2:0.503663,0:0.503663):0.40103):4.96216,(5:0.0356971,(4:0.0110493,3:0.0110493):0.0246478):5.83116);
SITE:	599	   0.0895689482	     5.15123794	000111
NEWICK_TREE:	[214]((1:0.904692,(2:0.503663,0:0.503663):0.40103):4.96216,(5:0.0356971,(4:0.0110493,3:0.0110493):0.0246478):5.83116);
SITE:	600	   0.0896583676	    0.291256277	010000
SITE:	601	   0.0898175725	     2.02549749	000111
NEWICK_TREE:	[9]((1:0.904692,(2:0.503663,0:0.503663):0.40103):4.96216,(5:0.0356971,(4:0.0110493,3:0.0110493):0.0246478):5.83116);
SITE:	602	    0.089849938	    0.158093678	000111
NEWICK_TREE:	[150]((1:0.904692,(2:0.503663,0:0.503663):0.40103):4.96216,(5:0.0356971,(4:0.0110493,3:0.0110493):0.0246478):5.83116);
SITE:	603	   0.0898666603	      2.1358343	111000
SITE:	604	   0.0898774488	     3.07523528	000111
NEWICK_TREE:	[215](((1:0.429082,0:0.429082):0.475611,2:0.904692):4.96216,(5:0.0356971,(4:0.0110493,3:0.0110493):0.0246478):5.83116);
SITE:	605	   0.0900176375	     2.80687139	000111
SITE:	606	   0.0900441674	     2.49618519	000111
SITE:	607	   0.0901644921	     1.70012117	111000
SITE:	608	    0.090188459	     1.38178343	000111
SITE:	609	   0.0901982995	     2.20138657	000111
NEWICK_TREE:	[322](((1:0.429082,0:0.429082):0.475611,2:0.904692):4.96216,(5:0.0356971,(4:0.0110493,3:0.0110493):0.0246478):5.83116);
SITE:	610	   0.0904585378	     5.29310028	000111
SITE:	611	   0.0904664204	     1.78530378	000111
SITE:	612	   0.0904860031	     1.64904858	111000
SITE:	613	   0.0905134858	     1.30232075	000111
NEWICK_TREE:	[555](((1:0.429082,0:0.429082):0.475611,2:0.904692):4.96216,(5:0.0356971,(4:0.0110493,3:0.0110493):0.0246478):5.83116);
SITE:	614	    0.090846749	     2.15098942	111000
SITE:	615	   0.0909336316	     4.23136472	111000
SITE:	616	    0.090994432	     2.64191382	111000
SITE:	617	   0.0910587017	     1.67494238	000111
NEWICK_TREE:	[2](((1:0.429082,0:0.429082):0.475611,2:0.904692):4.96216,(5:0.0356971,(4:0.0110493,3:0.0110493):0.0246478):5.83116);
NEWICK_TREE:	[83](((1:0.429082,0:0.429082):0.475611,2:0.904692):4.96216,(5:0.0356971,(4:0.0110493,3:0.0110493):0.0246478):5.83116);
SITE:	618	   0.0911618062	     1.65762247	111000
NEWICK_TREE:	[30](((1:0.429082,0:0.429082):0.642316,2:1.0714):4.79546,(5:0.0356971,(4:0.0110493,3:0.0110493):0.0246478):5.83116);
SITE:	619	   0.0912009755	     4.01530906	000111
NEWICK_TREE:	[1]((5:0.0356971,(4:0.0110493,3:0.0110493):0.0246478):6.0885,((1:0.429082,0:0.429082):0.642316,2:1.0714):5.0528);
NEWICK_TREE:	[64]((5:0.0356971,(4:0.0110493,3:0.0110493):0.0246478):6.0885,((1:0.429082,0:0.429082):0.642316,2:1.0714):5.0528);
SITE:	620	   0.0912531126	    0.864795018	000111
NEWICK_TREE:	[277]((5:0.0356971,(4:0.0110493,3:0.0110493):0.0246478):6.0885,((1:0.429082,0:0.429082):0.642316,2:1.0714):5.0528);
SITE:	621	   0.0913188836	    0.505409919	110000
SITE:	622	   0.0914224887	     4.59269625	111000
SITE:	623	   0.0914692468	      5.3173451	111000
SITE:	624	   0.0915322928	     2.07070467	000111
SITE:	625	   0.0915349622	     1.43969875	111000
SITE:	626	   0.0915412278	     4.58517716	000111
NEWICK_TREE:	[125]((5:0.0356971,(4:0.0110493,3:0.0110493):0.0246478):6.0885,((1:0.429082,0:0.429082):0.642316,2:1.0714):5.0528);
SITE:	627	   0.0915554931	     3.88333368	000111
NEWICK_TREE:	[19]((5:0.0356971,(4:0.0110493,3:0.0110493):0.0246478):6.0885,((1:0.429082,0:0.429082):0.46693,2:0.896012):5.22818);
SITE:	628	   0.0916883276	     1.85914835	000111
NEWICK_TREE:	[236]((5:0.0356971,(4:0.0110493,3:0.0110493):0.0246478):3.3548,((1:0.429082,0:0.429082):0.46693,2:0.896012):2.49448);
SITE:	629	   0.0917826449	    0.242194465	100000
SITE:	630	    0.091788652	     1.12715677	111000
NEWICK_TREE:	[161]((5:0.0356971,(4:0.0110493,3:0.0110493):0.0246478):3.3548,(0:0.896012,(2:0.232782,1:0.232782):0.66323):2.49448);
SITE:	631	   0.0919445606	     2.74803013	000111
SITE:	632	   0.0920381015	     2.07444335	000111
NEWICK_TREE:	[203]((5:0.0356971,(4:0.0110493,3:0.0110493):0.0246478):3.3548,(0:0.896012,(2:0.232782,1:0.232782):0.66323):2.49448);
SITE:	633	   0.0921653114	     2.09066517	111000
NEWICK_TREE:	[149]((0:0.896012,(2:0.232782,1:0.232782):0.66323):2.53974,(5:0.0356971,(4:0.0110493,3:0.0110493):0.0246478):3.40006);
SITE:	634	   0.0923286022	    0.151330797	000111
SITE:	635	    0.092406999	    0.894061238	011000
SITE:	636	   0.0924432481	    0.174737611	000111
NEWICK_TREE:	[516]((0:0.896012,(2:0.232782,1:0.232782):0.66323):2.53974,(5:0.0356971,(4:0.0110493,3:0.0110493):0.0246478):3.40006);
SITE:	637	   0.0926028394	     0.88199365	011000
SITE:	638	   0.0926562089	    0.501686674	000111
SITE:	639	   0.0928770527	     0.16071643	000111
NEWICK_TREE:	[250]((0:0.896012,(2:0.232782,1:0.232782):0.66323):2.53974,(5:0.0356971,(4:0.0110493,3:0.0110493):0.0246478):3.40006);
SITE:	640	   0.0930730196	     2.56382483	111000
SITE:	641	   0.0930759572	     2.33613055	111000
SITE:	642	   0.0931728871	     1.29409895	111000
NEWICK_TREE:	[0]((0:0.896012,(1:0.140753,2:0.140753):0.755259):2.53974,(5:0.0356971,(4:0.0110493,3:0.0110493):0.0246478):3.40006);
NEWICK_TREE:	[102]((0:0.896012,(1:0.140753,2:0.140753):0.755259):2.17341,(5:0.0356971,(4:0.0110493,3:0.0110493):0.0246478):3.03372);
NEWICK_TREE:	[220]((5:0.0356971,(4:0.0110493,3:0.0110493):0.0246478):3.28429,(0:0.896012,(1:0.140753,2:0.140753):0.755259):2.42397);
SITE:	643	    0.093334181	    0.740388471	011000
NEWICK_TREE:	[124]((5:0.0356971,(4:0.0110493,3:0.0110493):0.0246478):3.28429,(0:0.805818,(1:0.140753,2:0.140753):0.665065):2.51417);
NEWICK_TREE:	[122]((0:0.805818,(1:0.140753,2:0.140753):0.665065):2.53135,(5:0.0356971,(4:0.0110493,3:0.0110493):0.0246478):3.30147);
SITE:	644	   0.0936621462	    0.666814749	011000
NEWICK_TREE:	[62]((5:0.0356971,(4:0.0110493,3:0.0110493):0.0246478):3.35226,(0:0.805818,(1:0.140753,2:0.140753):0.665065):2.58214);
SITE:	645	   0.0938010516	    0.711909951	100000
NEWICK_TREE:	[109]((5:0.0356971,(4:0.0110493,3:0.0110493):0.0246478):3.35226,(0:0.805818,(1:0.140753,2:0.140753):0.665065):2.58214);
SITE:	646	   0.0938941679	     2.79745169	000111
SITE:	647	   0.0939270611	     2.81151853	000111
NEWICK_TREE:	[128]((5:0.0356971,(4:0.0110493,3:0.0110493):0.0246478):3.35226,(0:1.41531,(1:0.140753,2:0.140753):1.27455):1.97265);
SITE:	648	    0.093952922	    0.584352754	011000
SITE:	649	    0.094049764	     3.26293262	000111
NEWICK_TREE:	[18]((5:0.0356971,(4:0.0110493,3:0.0110493):0.0246478):3.92347,(0:1.41531,(1:0.140753,2:0.140753):1.27455):2.54387);
NEWICK_TREE:	[340]((5:0.0356971,(4:0.0110493,3:0.0110493):0.0246478):3.92347,(0:1.41531,(1:0.140753,2:0.140753):1.27455):2.54387);
SITE:	650	   0.0942119514	     1.20355253	100000
SITE:	651	   0.0942954386	    0.423429405	011000
SITE:	652	   0.0942960778	    0.126038253	100000
NEWICK_TREE:	[329]((5:0.0356971,(4:0.0110493,3:0.0110493):0.0246478):3.92347,(0:1.01969,(1:0.140753,2:0.140753):0.878932):2.93949);
